TN:
SF:/home/rohit/New-contentstack-CLI/cli/packages/contentstack-clone/src/commands/cm/stack-clone.js
FN:10,(anonymous_0)
FN:20,(anonymous_1)
FN:22,(anonymous_2)
FNF:3
FNH:1
FNDA:1,(anonymous_0)
FNDA:0,(anonymous_1)
FNDA:0,(anonymous_2)
DA:1,1
DA:2,1
DA:3,1
DA:5,1
DA:6,1
DA:7,1
DA:11,1
DA:12,1
DA:13,1
DA:14,1
DA:15,1
DA:16,1
DA:17,1
DA:18,1
DA:19,1
DA:20,1
DA:21,0
DA:23,0
DA:26,0
DA:31,1
DA:37,1
DA:41,1
DA:45,1
LF:23
LH:20
BRDA:12,0,0,1
BRDA:12,0,1,0
BRDA:12,1,0,1
BRDA:12,1,1,1
BRF:4
BRH:3
end_of_record
TN:
SF:/home/rohit/New-contentstack-CLI/cli/packages/contentstack-clone/src/lib/util/clone-handler.js
FN:63,(anonymous_0)
FN:68,(anonymous_1)
FN:69,(anonymous_2)
FN:73,(anonymous_3)
FN:87,(anonymous_4)
FN:91,(anonymous_5)
FN:93,(anonymous_6)
FN:100,(anonymous_7)
FN:107,(anonymous_8)
FN:109,(anonymous_9)
FN:112,(anonymous_10)
FN:117,(anonymous_11)
FN:123,(anonymous_12)
FN:124,(anonymous_13)
FN:133,(anonymous_14)
FN:142,(anonymous_15)
FN:144,(anonymous_16)
FN:149,(anonymous_17)
FN:151,(anonymous_18)
FN:159,(anonymous_19)
FN:160,(anonymous_20)
FN:163,(anonymous_21)
FN:168,(anonymous_22)
FN:175,(anonymous_23)
FN:182,(anonymous_24)
FN:183,(anonymous_25)
FN:187,(anonymous_26)
FN:191,(anonymous_27)
FN:210,(anonymous_28)
FN:212,(anonymous_29)
FN:220,(anonymous_30)
FN:222,(anonymous_31)
FN:225,(anonymous_32)
FN:228,(anonymous_33)
FN:233,(anonymous_34)
FN:236,(anonymous_35)
FN:247,(anonymous_36)
FN:254,(anonymous_37)
FN:255,(anonymous_38)
FN:259,(anonymous_39)
FN:262,(anonymous_40)
FN:269,(anonymous_41)
FN:273,(anonymous_42)
FN:276,(anonymous_43)
FN:278,(anonymous_44)
FN:283,(anonymous_45)
FN:285,(anonymous_46)
FN:290,(anonymous_47)
FNF:48
FNH:1
FNDA:1,(anonymous_0)
FNDA:0,(anonymous_1)
FNDA:0,(anonymous_2)
FNDA:0,(anonymous_3)
FNDA:0,(anonymous_4)
FNDA:0,(anonymous_5)
FNDA:0,(anonymous_6)
FNDA:0,(anonymous_7)
FNDA:0,(anonymous_8)
FNDA:0,(anonymous_9)
FNDA:0,(anonymous_10)
FNDA:0,(anonymous_11)
FNDA:0,(anonymous_12)
FNDA:0,(anonymous_13)
FNDA:0,(anonymous_14)
FNDA:0,(anonymous_15)
FNDA:0,(anonymous_16)
FNDA:0,(anonymous_17)
FNDA:0,(anonymous_18)
FNDA:0,(anonymous_19)
FNDA:0,(anonymous_20)
FNDA:0,(anonymous_21)
FNDA:0,(anonymous_22)
FNDA:0,(anonymous_23)
FNDA:0,(anonymous_24)
FNDA:0,(anonymous_25)
FNDA:0,(anonymous_26)
FNDA:0,(anonymous_27)
FNDA:0,(anonymous_28)
FNDA:0,(anonymous_29)
FNDA:0,(anonymous_30)
FNDA:0,(anonymous_31)
FNDA:0,(anonymous_32)
FNDA:0,(anonymous_33)
FNDA:0,(anonymous_34)
FNDA:0,(anonymous_35)
FNDA:0,(anonymous_36)
FNDA:0,(anonymous_37)
FNDA:0,(anonymous_38)
FNDA:0,(anonymous_39)
FNDA:0,(anonymous_40)
FNDA:0,(anonymous_41)
FNDA:0,(anonymous_42)
FNDA:0,(anonymous_43)
FNDA:0,(anonymous_44)
FNDA:0,(anonymous_45)
FNDA:0,(anonymous_46)
FNDA:0,(anonymous_47)
DA:1,1
DA:2,1
DA:3,1
DA:4,1
DA:5,1
DA:6,1
DA:8,1
DA:9,1
DA:10,1
DA:11,1
DA:12,1
DA:16,1
DA:23,1
DA:30,1
DA:37,1
DA:44,1
DA:50,1
DA:51,1
DA:52,1
DA:64,1
DA:65,1
DA:69,0
DA:70,0
DA:71,0
DA:72,0
DA:74,0
DA:75,0
DA:76,0
DA:77,0
DA:79,0
DA:80,0
DA:82,0
DA:85,0
DA:88,0
DA:89,0
DA:90,0
DA:91,0
DA:92,0
DA:94,0
DA:97,0
DA:98,0
DA:99,0
DA:101,0
DA:102,0
DA:103,0
DA:105,0
DA:106,0
DA:107,0
DA:110,0
DA:113,0
DA:118,0
DA:124,0
DA:125,0
DA:126,0
DA:128,0
DA:131,0
DA:134,0
DA:135,0
DA:137,0
DA:138,0
DA:140,0
DA:141,0
DA:142,0
DA:143,0
DA:145,0
DA:148,0
DA:149,0
DA:150,0
DA:152,0
DA:160,0
DA:161,0
DA:164,0
DA:165,0
DA:166,0
DA:167,0
DA:170,0
DA:171,0
DA:172,0
DA:173,0
DA:174,0
DA:176,0
DA:183,0
DA:184,0
DA:185,0
DA:188,0
DA:189,0
DA:190,0
DA:191,0
DA:192,0
DA:193,0
DA:194,0
DA:195,0
DA:196,0
DA:197,0
DA:200,0
DA:201,0
DA:202,0
DA:203,0
DA:205,0
DA:206,0
DA:209,0
DA:210,0
DA:211,0
DA:213,0
DA:221,0
DA:222,0
DA:223,0
DA:224,0
DA:225,0
DA:226,0
DA:227,0
DA:229,0
DA:233,0
DA:234,0
DA:235,0
DA:236,0
DA:237,0
DA:238,0
DA:239,0
DA:240,0
DA:241,0
DA:243,0
DA:246,0
DA:248,0
DA:255,0
DA:256,0
DA:257,0
DA:258,0
DA:259,0
DA:260,0
DA:261,0
DA:263,0
DA:264,0
DA:266,0
DA:267,0
DA:268,0
DA:269,0
DA:270,0
DA:271,0
DA:274,0
DA:275,0
DA:276,0
DA:277,0
DA:279,0
DA:282,0
DA:283,0
DA:284,0
DA:286,0
DA:291,0
DA:292,0
DA:295,0
DA:301,1
LF:152
LH:22
BRDA:79,0,0,0
BRDA:79,0,1,0
BRDA:79,1,0,0
BRDA:79,1,1,0
BRDA:89,2,0,0
BRDA:89,2,1,0
BRDA:89,3,0,0
BRDA:89,3,1,0
BRDA:125,4,0,0
BRDA:125,4,1,0
BRDA:125,5,0,0
BRDA:125,5,1,0
BRDA:134,6,0,0
BRDA:134,6,1,0
BRDA:134,7,0,0
BRDA:134,7,1,0
BRDA:140,8,0,0
BRDA:140,8,1,0
BRDA:140,9,0,0
BRDA:140,9,1,0
BRDA:189,10,0,0
BRDA:189,10,1,0
BRDA:195,11,0,0
BRDA:195,11,1,0
BRDA:221,12,0,0
BRDA:221,12,1,0
BRDA:239,13,0,0
BRDA:239,13,1,0
BRDA:240,14,0,0
BRDA:240,14,1,0
BRDA:256,15,0,0
BRDA:256,15,1,0
BRDA:256,16,0,0
BRDA:256,16,1,0
BRDA:266,17,0,0
BRDA:266,17,1,0
BRDA:266,18,0,0
BRDA:266,18,1,0
BRDA:274,19,0,0
BRDA:274,19,1,0
BRF:40
BRH:0
end_of_record
TN:
SF:/home/rohit/New-contentstack-CLI/cli/packages/contentstack-clone/src/lib/util/contentstack-management-sdk.js
FN:4,(anonymous_0)
FN:11,(anonymous_1)
FNF:2
FNH:1
FNDA:1,(anonymous_0)
FNDA:0,(anonymous_1)
DA:1,1
DA:4,1
DA:6,1
DA:14,1
DA:15,0
DA:17,1
DA:18,0
DA:20,1
DA:21,1
DA:22,1
LF:10
LH:8
BRDA:14,0,0,0
BRDA:14,0,1,1
BRDA:17,1,0,0
BRDA:17,1,1,1
BRF:4
BRH:2
end_of_record
