{"/Users/ninadhatkar/office/CLI-New/cli/packages/contentstack-migration/src/services/content-types.js":{"path":"/Users/ninadhatkar/office/CLI-New/cli/packages/contentstack-migration/src/services/content-types.js","statementMap":{"0":{"start":{"line":3,"column":16},"end":{"line":3,"column":20}},"1":{"start":{"line":5,"column":13},"end":{"line":5,"column":39}},"2":{"start":{"line":7,"column":74},"end":{"line":7,"column":93}},"3":{"start":{"line":9,"column":49},"end":{"line":9,"column":53}},"4":{"start":{"line":10,"column":20},"end":{"line":10,"column":36}},"5":{"start":{"line":11,"column":38},"end":{"line":11,"column":47}},"6":{"start":{"line":16,"column":4},"end":{"line":16,"column":30}},"7":{"start":{"line":17,"column":4},"end":{"line":17,"column":26}},"8":{"start":{"line":18,"column":4},"end":{"line":18,"column":60}},"9":{"start":{"line":22,"column":19},"end":{"line":22,"column":24}},"10":{"start":{"line":24,"column":26},"end":{"line":24,"column":90}},"11":{"start":{"line":25,"column":4},"end":{"line":29,"column":5}},"12":{"start":{"line":26,"column":6},"end":{"line":26,"column":48}},"13":{"start":{"line":27,"column":6},"end":{"line":27,"column":55}},"14":{"start":{"line":28,"column":6},"end":{"line":28,"column":15}},"15":{"start":{"line":30,"column":4},"end":{"line":30,"column":43}},"16":{"start":{"line":32,"column":4},"end":{"line":32,"column":23}},"17":{"start":{"line":36,"column":17},"end":{"line":36,"column":59}},"18":{"start":{"line":37,"column":26},"end":{"line":37,"column":93}},"19":{"start":{"line":38,"column":4},"end":{"line":42,"column":5}},"20":{"start":{"line":39,"column":6},"end":{"line":39,"column":48}},"21":{"start":{"line":40,"column":6},"end":{"line":40,"column":55}},"22":{"start":{"line":41,"column":6},"end":{"line":41,"column":15}},"23":{"start":{"line":44,"column":4},"end":{"line":44,"column":43}},"24":{"start":{"line":46,"column":4},"end":{"line":46,"column":36}},"25":{"start":{"line":50,"column":19},"end":{"line":50,"column":24}},"26":{"start":{"line":52,"column":26},"end":{"line":52,"column":58}},"27":{"start":{"line":53,"column":4},"end":{"line":57,"column":5}},"28":{"start":{"line":54,"column":6},"end":{"line":54,"column":54}},"29":{"start":{"line":55,"column":6},"end":{"line":55,"column":61}},"30":{"start":{"line":56,"column":6},"end":{"line":56,"column":15}},"31":{"start":{"line":59,"column":4},"end":{"line":59,"column":49}},"32":{"start":{"line":61,"column":4},"end":{"line":61,"column":36}},"33":{"start":{"line":65,"column":17},"end":{"line":65,"column":21}},"34":{"start":{"line":66,"column":19},"end":{"line":66,"column":27}},"35":{"start":{"line":67,"column":26},"end":{"line":67,"column":91}},"36":{"start":{"line":69,"column":4},"end":{"line":73,"column":5}},"37":{"start":{"line":70,"column":6},"end":{"line":70,"column":48}},"38":{"start":{"line":71,"column":6},"end":{"line":71,"column":55}},"39":{"start":{"line":72,"column":6},"end":{"line":72,"column":15}},"40":{"start":{"line":74,"column":4},"end":{"line":74,"column":43}},"41":{"start":{"line":75,"column":4},"end":{"line":75,"column":36}},"42":{"start":{"line":79,"column":21},"end":{"line":79,"column":25}},"43":{"start":{"line":80,"column":48},"end":{"line":80,"column":52}},"44":{"start":{"line":82,"column":12},"end":{"line":82,"column":13}},"45":{"start":{"line":84,"column":4},"end":{"line":90,"column":5}},"46":{"start":{"line":85,"column":6},"end":{"line":85,"column":54}},"47":{"start":{"line":87,"column":6},"end":{"line":87,"column":56}},"48":{"start":{"line":89,"column":6},"end":{"line":89,"column":52}},"49":{"start":{"line":89,"column":36},"end":{"line":89,"column":52}},"50":{"start":{"line":91,"column":4},"end":{"line":91,"column":29}},"51":{"start":{"line":93,"column":4},"end":{"line":93,"column":55}},"52":{"start":{"line":93,"column":34},"end":{"line":93,"column":55}},"53":{"start":{"line":95,"column":4},"end":{"line":108,"column":5}},"54":{"start":{"line":97,"column":26},"end":{"line":97,"column":77}},"55":{"start":{"line":98,"column":6},"end":{"line":103,"column":7}},"56":{"start":{"line":99,"column":22},"end":{"line":99,"column":88}},"57":{"start":{"line":100,"column":8},"end":{"line":100,"column":58}},"58":{"start":{"line":102,"column":8},"end":{"line":102,"column":54}},"59":{"start":{"line":102,"column":38},"end":{"line":102,"column":54}},"60":{"start":{"line":105,"column":6},"end":{"line":105,"column":86}},"61":{"start":{"line":106,"column":6},"end":{"line":106,"column":9}},"62":{"start":{"line":107,"column":6},"end":{"line":107,"column":37}},"63":{"start":{"line":107,"column":32},"end":{"line":107,"column":37}},"64":{"start":{"line":109,"column":4},"end":{"line":109,"column":29}},"65":{"start":{"line":110,"column":4},"end":{"line":110,"column":33}},"66":{"start":{"line":110,"column":12},"end":{"line":110,"column":33}},"67":{"start":{"line":111,"column":4},"end":{"line":111,"column":15}},"68":{"start":{"line":115,"column":4},"end":{"line":115,"column":38}},"69":{"start":{"line":120,"column":4},"end":{"line":120,"column":16}},"70":{"start":{"line":121,"column":4},"end":{"line":121,"column":24}},"71":{"start":{"line":126,"column":24},"end":{"line":126,"column":40}},"72":{"start":{"line":128,"column":25},"end":{"line":128,"column":29}},"73":{"start":{"line":130,"column":24},"end":{"line":130,"column":44}},"74":{"start":{"line":132,"column":28},"end":{"line":132,"column":67}},"75":{"start":{"line":133,"column":4},"end":{"line":133,"column":47}},"76":{"start":{"line":135,"column":41},"end":{"line":135,"column":43}},"77":{"start":{"line":136,"column":41},"end":{"line":136,"column":43}},"78":{"start":{"line":138,"column":27},"end":{"line":138,"column":32}},"79":{"start":{"line":139,"column":29},"end":{"line":139,"column":34}},"80":{"start":{"line":140,"column":29},"end":{"line":140,"column":34}},"81":{"start":{"line":141,"column":31},"end":{"line":141,"column":36}},"82":{"start":{"line":144,"column":4},"end":{"line":179,"column":5}},"83":{"start":{"line":146,"column":6},"end":{"line":178,"column":8}},"84":{"start":{"line":147,"column":8},"end":{"line":177,"column":10}},"85":{"start":{"line":149,"column":10},"end":{"line":153,"column":11}},"86":{"start":{"line":150,"column":12},"end":{"line":150,"column":37}},"87":{"start":{"line":151,"column":12},"end":{"line":151,"column":56}},"88":{"start":{"line":152,"column":12},"end":{"line":152,"column":72}},"89":{"start":{"line":155,"column":10},"end":{"line":160,"column":11}},"90":{"start":{"line":156,"column":12},"end":{"line":156,"column":39}},"91":{"start":{"line":157,"column":12},"end":{"line":157,"column":56}},"92":{"start":{"line":159,"column":12},"end":{"line":159,"column":74}},"93":{"start":{"line":163,"column":10},"end":{"line":174,"column":11}},"94":{"start":{"line":164,"column":26},"end":{"line":164,"column":35}},"95":{"start":{"line":165,"column":12},"end":{"line":165,"column":48}},"96":{"start":{"line":167,"column":12},"end":{"line":171,"column":13}},"97":{"start":{"line":168,"column":14},"end":{"line":168,"column":50}},"98":{"start":{"line":170,"column":14},"end":{"line":170,"column":42}},"99":{"start":{"line":173,"column":12},"end":{"line":173,"column":24}},"100":{"start":{"line":176,"column":10},"end":{"line":176,"column":21}},"101":{"start":{"line":182,"column":4},"end":{"line":184,"column":5}},"102":{"start":{"line":183,"column":6},"end":{"line":183,"column":105}},"103":{"start":{"line":186,"column":4},"end":{"line":187,"column":48}},"104":{"start":{"line":187,"column":6},"end":{"line":187,"column":47}},"105":{"start":{"line":189,"column":4},"end":{"line":190,"column":48}},"106":{"start":{"line":190,"column":6},"end":{"line":190,"column":47}},"107":{"start":{"line":192,"column":4},"end":{"line":192,"column":45}},"108":{"start":{"line":193,"column":4},"end":{"line":193,"column":52}},"109":{"start":{"line":194,"column":4},"end":{"line":194,"column":17}},"110":{"start":{"line":198,"column":26},"end":{"line":198,"column":35}},"111":{"start":{"line":199,"column":12},"end":{"line":199,"column":13}},"112":{"start":{"line":201,"column":4},"end":{"line":210,"column":5}},"113":{"start":{"line":202,"column":6},"end":{"line":207,"column":7}},"114":{"start":{"line":203,"column":22},"end":{"line":203,"column":31}},"115":{"start":{"line":204,"column":8},"end":{"line":204,"column":27}},"116":{"start":{"line":205,"column":8},"end":{"line":205,"column":31}},"117":{"start":{"line":206,"column":8},"end":{"line":206,"column":13}},"118":{"start":{"line":208,"column":6},"end":{"line":208,"column":9}},"119":{"start":{"line":209,"column":6},"end":{"line":209,"column":27}},"120":{"start":{"line":209,"column":22},"end":{"line":209,"column":27}},"121":{"start":{"line":211,"column":4},"end":{"line":211,"column":17}},"122":{"start":{"line":215,"column":26},"end":{"line":215,"column":35}},"123":{"start":{"line":217,"column":12},"end":{"line":217,"column":13}},"124":{"start":{"line":219,"column":4},"end":{"line":228,"column":5}},"125":{"start":{"line":220,"column":6},"end":{"line":225,"column":7}},"126":{"start":{"line":221,"column":22},"end":{"line":221,"column":31}},"127":{"start":{"line":222,"column":8},"end":{"line":222,"column":27}},"128":{"start":{"line":223,"column":8},"end":{"line":223,"column":28}},"129":{"start":{"line":224,"column":8},"end":{"line":224,"column":13}},"130":{"start":{"line":226,"column":6},"end":{"line":226,"column":9}},"131":{"start":{"line":227,"column":6},"end":{"line":227,"column":27}},"132":{"start":{"line":227,"column":22},"end":{"line":227,"column":27}},"133":{"start":{"line":229,"column":4},"end":{"line":229,"column":17}},"134":{"start":{"line":233,"column":35},"end":{"line":233,"column":44}},"135":{"start":{"line":234,"column":12},"end":{"line":234,"column":13}},"136":{"start":{"line":234,"column":33},"end":{"line":234,"column":34}},"137":{"start":{"line":235,"column":14},"end":{"line":235,"column":15}},"138":{"start":{"line":237,"column":4},"end":{"line":250,"column":5}},"139":{"start":{"line":238,"column":6},"end":{"line":241,"column":7}},"140":{"start":{"line":239,"column":8},"end":{"line":239,"column":23}},"141":{"start":{"line":240,"column":8},"end":{"line":240,"column":15}},"142":{"start":{"line":242,"column":6},"end":{"line":246,"column":7}},"143":{"start":{"line":243,"column":8},"end":{"line":243,"column":27}},"144":{"start":{"line":244,"column":8},"end":{"line":244,"column":27}},"145":{"start":{"line":245,"column":8},"end":{"line":245,"column":15}},"146":{"start":{"line":247,"column":6},"end":{"line":247,"column":9}},"147":{"start":{"line":248,"column":6},"end":{"line":248,"column":28}},"148":{"start":{"line":248,"column":23},"end":{"line":248,"column":28}},"149":{"start":{"line":249,"column":6},"end":{"line":249,"column":27}},"150":{"start":{"line":249,"column":22},"end":{"line":249,"column":27}},"151":{"start":{"line":252,"column":4},"end":{"line":252,"column":64}},"152":{"start":{"line":253,"column":4},"end":{"line":253,"column":17}},"153":{"start":{"line":257,"column":35},"end":{"line":257,"column":44}},"154":{"start":{"line":259,"column":12},"end":{"line":259,"column":13}},"155":{"start":{"line":259,"column":33},"end":{"line":259,"column":34}},"156":{"start":{"line":259,"column":50},"end":{"line":259,"column":51}},"157":{"start":{"line":260,"column":14},"end":{"line":260,"column":15}},"158":{"start":{"line":262,"column":4},"end":{"line":275,"column":5}},"159":{"start":{"line":263,"column":6},"end":{"line":266,"column":7}},"160":{"start":{"line":264,"column":8},"end":{"line":264,"column":23}},"161":{"start":{"line":265,"column":8},"end":{"line":265,"column":15}},"162":{"start":{"line":267,"column":6},"end":{"line":271,"column":7}},"163":{"start":{"line":268,"column":8},"end":{"line":268,"column":27}},"164":{"start":{"line":269,"column":8},"end":{"line":269,"column":27}},"165":{"start":{"line":270,"column":8},"end":{"line":270,"column":15}},"166":{"start":{"line":272,"column":6},"end":{"line":272,"column":9}},"167":{"start":{"line":273,"column":6},"end":{"line":273,"column":28}},"168":{"start":{"line":273,"column":23},"end":{"line":273,"column":28}},"169":{"start":{"line":274,"column":6},"end":{"line":274,"column":27}},"170":{"start":{"line":274,"column":22},"end":{"line":274,"column":27}},"171":{"start":{"line":276,"column":4},"end":{"line":276,"column":60}},"172":{"start":{"line":277,"column":4},"end":{"line":277,"column":17}},"173":{"start":{"line":281,"column":18},"end":{"line":281,"column":22}},"174":{"start":{"line":282,"column":16},"end":{"line":282,"column":17}},"175":{"start":{"line":283,"column":23},"end":{"line":283,"column":25}},"176":{"start":{"line":284,"column":12},"end":{"line":284,"column":13}},"177":{"start":{"line":286,"column":35},"end":{"line":286,"column":44}},"178":{"start":{"line":287,"column":13},"end":{"line":287,"column":15}},"179":{"start":{"line":289,"column":4},"end":{"line":301,"column":5}},"180":{"start":{"line":291,"column":6},"end":{"line":291,"column":30}},"181":{"start":{"line":293,"column":6},"end":{"line":295,"column":7}},"182":{"start":{"line":294,"column":8},"end":{"line":294,"column":15}},"183":{"start":{"line":296,"column":6},"end":{"line":298,"column":7}},"184":{"start":{"line":297,"column":8},"end":{"line":297,"column":15}},"185":{"start":{"line":299,"column":6},"end":{"line":299,"column":9}},"186":{"start":{"line":300,"column":6},"end":{"line":300,"column":27}},"187":{"start":{"line":300,"column":22},"end":{"line":300,"column":27}},"188":{"start":{"line":303,"column":4},"end":{"line":303,"column":67}},"189":{"start":{"line":306,"column":4},"end":{"line":308,"column":5}},"190":{"start":{"line":307,"column":6},"end":{"line":307,"column":61}},"191":{"start":{"line":311,"column":4},"end":{"line":315,"column":5}},"192":{"start":{"line":312,"column":6},"end":{"line":312,"column":21}},"193":{"start":{"line":313,"column":11},"end":{"line":315,"column":5}},"194":{"start":{"line":314,"column":6},"end":{"line":314,"column":21}},"195":{"start":{"line":317,"column":4},"end":{"line":317,"column":34}},"196":{"start":{"line":321,"column":0},"end":{"line":321,"column":35}}},"fnMap":{"0":{"name":"(anonymous_0)","decl":{"start":{"line":14,"column":2},"end":{"line":14,"column":3}},"loc":{"start":{"line":14,"column":16},"end":{"line":19,"column":3}},"line":14},"1":{"name":"(anonymous_1)","decl":{"start":{"line":21,"column":2},"end":{"line":21,"column":3}},"loc":{"start":{"line":21,"column":39},"end":{"line":33,"column":3}},"line":21},"2":{"name":"(anonymous_2)","decl":{"start":{"line":35,"column":2},"end":{"line":35,"column":3}},"loc":{"start":{"line":35,"column":47},"end":{"line":47,"column":3}},"line":35},"3":{"name":"(anonymous_3)","decl":{"start":{"line":49,"column":2},"end":{"line":49,"column":3}},"loc":{"start":{"line":49,"column":40},"end":{"line":62,"column":3}},"line":49},"4":{"name":"(anonymous_4)","decl":{"start":{"line":64,"column":2},"end":{"line":64,"column":3}},"loc":{"start":{"line":64,"column":36},"end":{"line":76,"column":3}},"line":64},"5":{"name":"(anonymous_5)","decl":{"start":{"line":78,"column":2},"end":{"line":78,"column":3}},"loc":{"start":{"line":78,"column":43},"end":{"line":112,"column":3}},"line":78},"6":{"name":"(anonymous_6)","decl":{"start":{"line":114,"column":2},"end":{"line":114,"column":3}},"loc":{"start":{"line":114,"column":21},"end":{"line":116,"column":3}},"line":114},"7":{"name":"(anonymous_7)","decl":{"start":{"line":119,"column":2},"end":{"line":119,"column":3}},"loc":{"start":{"line":119,"column":29},"end":{"line":122,"column":3}},"line":119},"8":{"name":"(anonymous_8)","decl":{"start":{"line":125,"column":2},"end":{"line":125,"column":3}},"loc":{"start":{"line":125,"column":31},"end":{"line":195,"column":3}},"line":125},"9":{"name":"(anonymous_9)","decl":{"start":{"line":146,"column":32},"end":{"line":146,"column":33}},"loc":{"start":{"line":146,"column":50},"end":{"line":178,"column":7}},"line":146},"10":{"name":"(anonymous_10)","decl":{"start":{"line":147,"column":21},"end":{"line":147,"column":22}},"loc":{"start":{"line":147,"column":39},"end":{"line":177,"column":9}},"line":147},"11":{"name":"(anonymous_11)","decl":{"start":{"line":186,"column":49},"end":{"line":186,"column":50}},"loc":{"start":{"line":187,"column":6},"end":{"line":187,"column":47}},"line":187},"12":{"name":"(anonymous_12)","decl":{"start":{"line":189,"column":27},"end":{"line":189,"column":28}},"loc":{"start":{"line":190,"column":6},"end":{"line":190,"column":47}},"line":190},"13":{"name":"(anonymous_13)","decl":{"start":{"line":197,"column":2},"end":{"line":197,"column":3}},"loc":{"start":{"line":197,"column":30},"end":{"line":212,"column":3}},"line":197},"14":{"name":"(anonymous_14)","decl":{"start":{"line":214,"column":2},"end":{"line":214,"column":3}},"loc":{"start":{"line":214,"column":33},"end":{"line":230,"column":3}},"line":214},"15":{"name":"(anonymous_15)","decl":{"start":{"line":232,"column":2},"end":{"line":232,"column":3}},"loc":{"start":{"line":232,"column":32},"end":{"line":254,"column":3}},"line":232},"16":{"name":"(anonymous_16)","decl":{"start":{"line":256,"column":2},"end":{"line":256,"column":3}},"loc":{"start":{"line":256,"column":33},"end":{"line":278,"column":3}},"line":256},"17":{"name":"(anonymous_17)","decl":{"start":{"line":280,"column":2},"end":{"line":280,"column":3}},"loc":{"start":{"line":280,"column":34},"end":{"line":318,"column":3}},"line":280}},"branchMap":{"0":{"loc":{"start":{"line":25,"column":4},"end":{"line":29,"column":5}},"type":"if","locations":[{"start":{"line":25,"column":4},"end":{"line":29,"column":5}},{"start":{"line":25,"column":4},"end":{"line":29,"column":5}}],"line":25},"1":{"loc":{"start":{"line":32,"column":11},"end":{"line":32,"column":23}},"type":"binary-expr","locations":[{"start":{"line":32,"column":11},"end":{"line":32,"column":17}},{"start":{"line":32,"column":21},"end":{"line":32,"column":23}}],"line":32},"2":{"loc":{"start":{"line":38,"column":4},"end":{"line":42,"column":5}},"type":"if","locations":[{"start":{"line":38,"column":4},"end":{"line":42,"column":5}},{"start":{"line":38,"column":4},"end":{"line":42,"column":5}}],"line":38},"3":{"loc":{"start":{"line":46,"column":11},"end":{"line":46,"column":36}},"type":"binary-expr","locations":[{"start":{"line":46,"column":11},"end":{"line":46,"column":30}},{"start":{"line":46,"column":34},"end":{"line":46,"column":36}}],"line":46},"4":{"loc":{"start":{"line":53,"column":4},"end":{"line":57,"column":5}},"type":"if","locations":[{"start":{"line":53,"column":4},"end":{"line":57,"column":5}},{"start":{"line":53,"column":4},"end":{"line":57,"column":5}}],"line":53},"5":{"loc":{"start":{"line":61,"column":11},"end":{"line":61,"column":36}},"type":"binary-expr","locations":[{"start":{"line":61,"column":11},"end":{"line":61,"column":30}},{"start":{"line":61,"column":34},"end":{"line":61,"column":36}}],"line":61},"6":{"loc":{"start":{"line":69,"column":4},"end":{"line":73,"column":5}},"type":"if","locations":[{"start":{"line":69,"column":4},"end":{"line":73,"column":5}},{"start":{"line":69,"column":4},"end":{"line":73,"column":5}}],"line":69},"7":{"loc":{"start":{"line":75,"column":11},"end":{"line":75,"column":36}},"type":"binary-expr","locations":[{"start":{"line":75,"column":11},"end":{"line":75,"column":30}},{"start":{"line":75,"column":34},"end":{"line":75,"column":36}}],"line":75},"8":{"loc":{"start":{"line":89,"column":6},"end":{"line":89,"column":52}},"type":"if","locations":[{"start":{"line":89,"column":6},"end":{"line":89,"column":52}},{"start":{"line":89,"column":6},"end":{"line":89,"column":52}}],"line":89},"9":{"loc":{"start":{"line":93,"column":4},"end":{"line":93,"column":55}},"type":"if","locations":[{"start":{"line":93,"column":4},"end":{"line":93,"column":55}},{"start":{"line":93,"column":4},"end":{"line":93,"column":55}}],"line":93},"10":{"loc":{"start":{"line":98,"column":6},"end":{"line":103,"column":7}},"type":"if","locations":[{"start":{"line":98,"column":6},"end":{"line":103,"column":7}},{"start":{"line":98,"column":6},"end":{"line":103,"column":7}}],"line":98},"11":{"loc":{"start":{"line":102,"column":8},"end":{"line":102,"column":54}},"type":"if","locations":[{"start":{"line":102,"column":8},"end":{"line":102,"column":54}},{"start":{"line":102,"column":8},"end":{"line":102,"column":54}}],"line":102},"12":{"loc":{"start":{"line":107,"column":6},"end":{"line":107,"column":37}},"type":"if","locations":[{"start":{"line":107,"column":6},"end":{"line":107,"column":37}},{"start":{"line":107,"column":6},"end":{"line":107,"column":37}}],"line":107},"13":{"loc":{"start":{"line":110,"column":4},"end":{"line":110,"column":33}},"type":"if","locations":[{"start":{"line":110,"column":4},"end":{"line":110,"column":33}},{"start":{"line":110,"column":4},"end":{"line":110,"column":33}}],"line":110},"14":{"loc":{"start":{"line":125,"column":18},"end":{"line":125,"column":29}},"type":"default-arg","locations":[{"start":{"line":125,"column":27},"end":{"line":125,"column":29}}],"line":125},"15":{"loc":{"start":{"line":133,"column":24},"end":{"line":133,"column":47}},"type":"binary-expr","locations":[{"start":{"line":133,"column":24},"end":{"line":133,"column":41}},{"start":{"line":133,"column":45},"end":{"line":133,"column":47}}],"line":133},"16":{"loc":{"start":{"line":144,"column":4},"end":{"line":179,"column":5}},"type":"if","locations":[{"start":{"line":144,"column":4},"end":{"line":179,"column":5}},{"start":{"line":144,"column":4},"end":{"line":179,"column":5}}],"line":144},"17":{"loc":{"start":{"line":144,"column":8},"end":{"line":144,"column":49}},"type":"binary-expr","locations":[{"start":{"line":144,"column":8},"end":{"line":144,"column":32}},{"start":{"line":144,"column":36},"end":{"line":144,"column":49}}],"line":144},"18":{"loc":{"start":{"line":149,"column":10},"end":{"line":153,"column":11}},"type":"if","locations":[{"start":{"line":149,"column":10},"end":{"line":153,"column":11}},{"start":{"line":149,"column":10},"end":{"line":153,"column":11}}],"line":149},"19":{"loc":{"start":{"line":152,"column":12},"end":{"line":152,"column":72}},"type":"binary-expr","locations":[{"start":{"line":152,"column":12},"end":{"line":152,"column":43}},{"start":{"line":152,"column":48},"end":{"line":152,"column":71}}],"line":152},"20":{"loc":{"start":{"line":155,"column":10},"end":{"line":160,"column":11}},"type":"if","locations":[{"start":{"line":155,"column":10},"end":{"line":160,"column":11}},{"start":{"line":155,"column":10},"end":{"line":160,"column":11}}],"line":155},"21":{"loc":{"start":{"line":159,"column":12},"end":{"line":159,"column":74}},"type":"binary-expr","locations":[{"start":{"line":159,"column":12},"end":{"line":159,"column":43}},{"start":{"line":159,"column":48},"end":{"line":159,"column":73}}],"line":159},"22":{"loc":{"start":{"line":163,"column":10},"end":{"line":174,"column":11}},"type":"if","locations":[{"start":{"line":163,"column":10},"end":{"line":174,"column":11}},{"start":{"line":163,"column":10},"end":{"line":174,"column":11}}],"line":163},"23":{"loc":{"start":{"line":167,"column":12},"end":{"line":171,"column":13}},"type":"if","locations":[{"start":{"line":167,"column":12},"end":{"line":171,"column":13}},{"start":{"line":167,"column":12},"end":{"line":171,"column":13}}],"line":167},"24":{"loc":{"start":{"line":182,"column":4},"end":{"line":184,"column":5}},"type":"if","locations":[{"start":{"line":182,"column":4},"end":{"line":184,"column":5}},{"start":{"line":182,"column":4},"end":{"line":184,"column":5}}],"line":182},"25":{"loc":{"start":{"line":182,"column":8},"end":{"line":182,"column":98}},"type":"binary-expr","locations":[{"start":{"line":182,"column":9},"end":{"line":182,"column":27}},{"start":{"line":182,"column":31},"end":{"line":182,"column":48}},{"start":{"line":182,"column":54},"end":{"line":182,"column":74}},{"start":{"line":182,"column":78},"end":{"line":182,"column":97}}],"line":182},"26":{"loc":{"start":{"line":202,"column":6},"end":{"line":207,"column":7}},"type":"if","locations":[{"start":{"line":202,"column":6},"end":{"line":207,"column":7}},{"start":{"line":202,"column":6},"end":{"line":207,"column":7}}],"line":202},"27":{"loc":{"start":{"line":209,"column":6},"end":{"line":209,"column":27}},"type":"if","locations":[{"start":{"line":209,"column":6},"end":{"line":209,"column":27}},{"start":{"line":209,"column":6},"end":{"line":209,"column":27}}],"line":209},"28":{"loc":{"start":{"line":220,"column":6},"end":{"line":225,"column":7}},"type":"if","locations":[{"start":{"line":220,"column":6},"end":{"line":225,"column":7}},{"start":{"line":220,"column":6},"end":{"line":225,"column":7}}],"line":220},"29":{"loc":{"start":{"line":227,"column":6},"end":{"line":227,"column":27}},"type":"if","locations":[{"start":{"line":227,"column":6},"end":{"line":227,"column":27}},{"start":{"line":227,"column":6},"end":{"line":227,"column":27}}],"line":227},"30":{"loc":{"start":{"line":238,"column":6},"end":{"line":241,"column":7}},"type":"if","locations":[{"start":{"line":238,"column":6},"end":{"line":241,"column":7}},{"start":{"line":238,"column":6},"end":{"line":241,"column":7}}],"line":238},"31":{"loc":{"start":{"line":242,"column":6},"end":{"line":246,"column":7}},"type":"if","locations":[{"start":{"line":242,"column":6},"end":{"line":246,"column":7}},{"start":{"line":242,"column":6},"end":{"line":246,"column":7}}],"line":242},"32":{"loc":{"start":{"line":248,"column":6},"end":{"line":248,"column":28}},"type":"if","locations":[{"start":{"line":248,"column":6},"end":{"line":248,"column":28}},{"start":{"line":248,"column":6},"end":{"line":248,"column":28}}],"line":248},"33":{"loc":{"start":{"line":249,"column":6},"end":{"line":249,"column":27}},"type":"if","locations":[{"start":{"line":249,"column":6},"end":{"line":249,"column":27}},{"start":{"line":249,"column":6},"end":{"line":249,"column":27}}],"line":249},"34":{"loc":{"start":{"line":252,"column":4},"end":{"line":252,"column":64}},"type":"binary-expr","locations":[{"start":{"line":252,"column":4},"end":{"line":252,"column":15}},{"start":{"line":252,"column":19},"end":{"line":252,"column":64}}],"line":252},"35":{"loc":{"start":{"line":263,"column":6},"end":{"line":266,"column":7}},"type":"if","locations":[{"start":{"line":263,"column":6},"end":{"line":266,"column":7}},{"start":{"line":263,"column":6},"end":{"line":266,"column":7}}],"line":263},"36":{"loc":{"start":{"line":267,"column":6},"end":{"line":271,"column":7}},"type":"if","locations":[{"start":{"line":267,"column":6},"end":{"line":271,"column":7}},{"start":{"line":267,"column":6},"end":{"line":271,"column":7}}],"line":267},"37":{"loc":{"start":{"line":273,"column":6},"end":{"line":273,"column":28}},"type":"if","locations":[{"start":{"line":273,"column":6},"end":{"line":273,"column":28}},{"start":{"line":273,"column":6},"end":{"line":273,"column":28}}],"line":273},"38":{"loc":{"start":{"line":274,"column":6},"end":{"line":274,"column":27}},"type":"if","locations":[{"start":{"line":274,"column":6},"end":{"line":274,"column":27}},{"start":{"line":274,"column":6},"end":{"line":274,"column":27}}],"line":274},"39":{"loc":{"start":{"line":276,"column":4},"end":{"line":276,"column":60}},"type":"binary-expr","locations":[{"start":{"line":276,"column":4},"end":{"line":276,"column":15}},{"start":{"line":276,"column":19},"end":{"line":276,"column":60}}],"line":276},"40":{"loc":{"start":{"line":293,"column":6},"end":{"line":295,"column":7}},"type":"if","locations":[{"start":{"line":293,"column":6},"end":{"line":295,"column":7}},{"start":{"line":293,"column":6},"end":{"line":295,"column":7}}],"line":293},"41":{"loc":{"start":{"line":296,"column":6},"end":{"line":298,"column":7}},"type":"if","locations":[{"start":{"line":296,"column":6},"end":{"line":298,"column":7}},{"start":{"line":296,"column":6},"end":{"line":298,"column":7}}],"line":296},"42":{"loc":{"start":{"line":300,"column":6},"end":{"line":300,"column":27}},"type":"if","locations":[{"start":{"line":300,"column":6},"end":{"line":300,"column":27}},{"start":{"line":300,"column":6},"end":{"line":300,"column":27}}],"line":300},"43":{"loc":{"start":{"line":303,"column":19},"end":{"line":303,"column":67}},"type":"cond-expr","locations":[{"start":{"line":303,"column":49},"end":{"line":303,"column":60}},{"start":{"line":303,"column":63},"end":{"line":303,"column":67}}],"line":303},"44":{"loc":{"start":{"line":306,"column":4},"end":{"line":308,"column":5}},"type":"if","locations":[{"start":{"line":306,"column":4},"end":{"line":308,"column":5}},{"start":{"line":306,"column":4},"end":{"line":308,"column":5}}],"line":306},"45":{"loc":{"start":{"line":306,"column":8},"end":{"line":306,"column":32}},"type":"binary-expr","locations":[{"start":{"line":306,"column":8},"end":{"line":306,"column":21}},{"start":{"line":306,"column":25},"end":{"line":306,"column":32}}],"line":306},"46":{"loc":{"start":{"line":307,"column":21},"end":{"line":307,"column":61}},"type":"cond-expr","locations":[{"start":{"line":307,"column":47},"end":{"line":307,"column":54}},{"start":{"line":307,"column":57},"end":{"line":307,"column":61}}],"line":307},"47":{"loc":{"start":{"line":311,"column":4},"end":{"line":315,"column":5}},"type":"if","locations":[{"start":{"line":311,"column":4},"end":{"line":315,"column":5}},{"start":{"line":311,"column":4},"end":{"line":315,"column":5}}],"line":311},"48":{"loc":{"start":{"line":313,"column":11},"end":{"line":315,"column":5}},"type":"if","locations":[{"start":{"line":313,"column":11},"end":{"line":315,"column":5}},{"start":{"line":313,"column":11},"end":{"line":315,"column":5}}],"line":313},"49":{"loc":{"start":{"line":313,"column":15},"end":{"line":313,"column":37}},"type":"binary-expr","locations":[{"start":{"line":313,"column":15},"end":{"line":313,"column":22}},{"start":{"line":313,"column":26},"end":{"line":313,"column":37}}],"line":313}},"s":{"0":1,"1":1,"2":1,"3":1,"4":1,"5":1,"6":1,"7":1,"8":1,"9":0,"10":0,"11":0,"12":0,"13":0,"14":0,"15":0,"16":0,"17":1,"18":1,"19":1,"20":1,"21":1,"22":1,"23":0,"24":0,"25":0,"26":0,"27":0,"28":0,"29":0,"30":0,"31":0,"32":0,"33":0,"34":0,"35":0,"36":0,"37":0,"38":0,"39":0,"40":0,"41":0,"42":0,"43":0,"44":0,"45":0,"46":0,"47":0,"48":0,"49":0,"50":0,"51":0,"52":0,"53":0,"54":0,"55":0,"56":0,"57":0,"58":0,"59":0,"60":0,"61":0,"62":0,"63":0,"64":0,"65":0,"66":0,"67":0,"68":0,"69":1,"70":1,"71":0,"72":0,"73":0,"74":0,"75":0,"76":0,"77":0,"78":0,"79":0,"80":0,"81":0,"82":0,"83":0,"84":0,"85":0,"86":0,"87":0,"88":0,"89":0,"90":0,"91":0,"92":0,"93":0,"94":0,"95":0,"96":0,"97":0,"98":0,"99":0,"100":0,"101":0,"102":0,"103":0,"104":0,"105":0,"106":0,"107":0,"108":0,"109":0,"110":0,"111":0,"112":0,"113":0,"114":0,"115":0,"116":0,"117":0,"118":0,"119":0,"120":0,"121":0,"122":0,"123":0,"124":0,"125":0,"126":0,"127":0,"128":0,"129":0,"130":0,"131":0,"132":0,"133":0,"134":0,"135":0,"136":0,"137":0,"138":0,"139":0,"140":0,"141":0,"142":0,"143":0,"144":0,"145":0,"146":0,"147":0,"148":0,"149":0,"150":0,"151":0,"152":0,"153":0,"154":0,"155":0,"156":0,"157":0,"158":0,"159":0,"160":0,"161":0,"162":0,"163":0,"164":0,"165":0,"166":0,"167":0,"168":0,"169":0,"170":0,"171":0,"172":0,"173":0,"174":0,"175":0,"176":0,"177":0,"178":0,"179":0,"180":0,"181":0,"182":0,"183":0,"184":0,"185":0,"186":0,"187":0,"188":0,"189":0,"190":0,"191":0,"192":0,"193":0,"194":0,"195":0,"196":1},"f":{"0":1,"1":0,"2":1,"3":0,"4":0,"5":0,"6":0,"7":1,"8":0,"9":0,"10":0,"11":0,"12":0,"13":0,"14":0,"15":0,"16":0,"17":0},"b":{"0":[0,0],"1":[0,0],"2":[1,0],"3":[0,0],"4":[0,0],"5":[0,0],"6":[0,0],"7":[0,0],"8":[0,0],"9":[0,0],"10":[0,0],"11":[0,0],"12":[0,0],"13":[0,0],"14":[0],"15":[0,0],"16":[0,0],"17":[0,0],"18":[0,0],"19":[0,0],"20":[0,0],"21":[0,0],"22":[0,0],"23":[0,0],"24":[0,0],"25":[0,0,0,0],"26":[0,0],"27":[0,0],"28":[0,0],"29":[0,0],"30":[0,0],"31":[0,0],"32":[0,0],"33":[0,0],"34":[0,0],"35":[0,0],"36":[0,0],"37":[0,0],"38":[0,0],"39":[0,0],"40":[0,0],"41":[0,0],"42":[0,0],"43":[0,0],"44":[0,0],"45":[0,0],"46":[0,0],"47":[0,0],"48":[0,0],"49":[0,0]},"_coverageSchema":"43e27e138ebf9cfc5966b082cf9a028302ed4184","hash":"a356535d9c76e620565082f3b33ef9aba2bb0a5c","contentHash":"7e9331a959fab1f6d2f868bc9f406db9fdba82282a910126fdba507312c5571a"},"/Users/ninadhatkar/office/CLI-New/cli/packages/contentstack-migration/src/modules/base.js":{"path":"/Users/ninadhatkar/office/CLI-New/cli/packages/contentstack-migration/src/modules/base.js","statementMap":{"0":{"start":{"line":4,"column":31},"end":{"line":4,"column":50}},"1":{"start":{"line":6,"column":25},"end":{"line":6,"column":46}},"2":{"start":{"line":8,"column":30},"end":{"line":8,"column":34}},"3":{"start":{"line":9,"column":23},"end":{"line":9,"column":32}},"4":{"start":{"line":18,"column":4},"end":{"line":18,"column":16}},"5":{"start":{"line":19,"column":4},"end":{"line":19,"column":24}},"6":{"start":{"line":20,"column":4},"end":{"line":20,"column":21}},"7":{"start":{"line":28,"column":24},"end":{"line":28,"column":40}},"8":{"start":{"line":29,"column":25},"end":{"line":29,"column":29}},"9":{"start":{"line":31,"column":24},"end":{"line":31,"column":44}},"10":{"start":{"line":33,"column":4},"end":{"line":33,"column":50}},"11":{"start":{"line":35,"column":4},"end":{"line":35,"column":15}},"12":{"start":{"line":43,"column":24},"end":{"line":43,"column":40}},"13":{"start":{"line":44,"column":25},"end":{"line":44,"column":29}},"14":{"start":{"line":46,"column":24},"end":{"line":46,"column":44}},"15":{"start":{"line":48,"column":4},"end":{"line":48,"column":56}},"16":{"start":{"line":50,"column":4},"end":{"line":50,"column":15}},"17":{"start":{"line":58,"column":24},"end":{"line":58,"column":40}},"18":{"start":{"line":59,"column":25},"end":{"line":59,"column":29}},"19":{"start":{"line":61,"column":24},"end":{"line":61,"column":44}},"20":{"start":{"line":63,"column":4},"end":{"line":63,"column":50}},"21":{"start":{"line":65,"column":4},"end":{"line":65,"column":15}},"22":{"start":{"line":77,"column":4},"end":{"line":87,"column":5}},"23":{"start":{"line":78,"column":24},"end":{"line":78,"column":40}},"24":{"start":{"line":79,"column":20},"end":{"line":79,"column":50}},"25":{"start":{"line":80,"column":19},"end":{"line":80,"column":61}},"26":{"start":{"line":81,"column":6},"end":{"line":81,"column":26}},"27":{"start":{"line":83,"column":24},"end":{"line":83,"column":40}},"28":{"start":{"line":84,"column":20},"end":{"line":84,"column":50}},"29":{"start":{"line":85,"column":19},"end":{"line":85,"column":82}},"30":{"start":{"line":86,"column":6},"end":{"line":86,"column":26}},"31":{"start":{"line":91,"column":4},"end":{"line":91,"column":23}},"32":{"start":{"line":95,"column":0},"end":{"line":95,"column":21}}},"fnMap":{"0":{"name":"(anonymous_0)","decl":{"start":{"line":17,"column":2},"end":{"line":17,"column":3}},"loc":{"start":{"line":17,"column":26},"end":{"line":21,"column":3}},"line":17},"1":{"name":"(anonymous_1)","decl":{"start":{"line":27,"column":2},"end":{"line":27,"column":3}},"loc":{"start":{"line":27,"column":15},"end":{"line":36,"column":3}},"line":27},"2":{"name":"(anonymous_2)","decl":{"start":{"line":42,"column":2},"end":{"line":42,"column":3}},"loc":{"start":{"line":42,"column":21},"end":{"line":51,"column":3}},"line":42},"3":{"name":"(anonymous_3)","decl":{"start":{"line":57,"column":2},"end":{"line":57,"column":3}},"loc":{"start":{"line":57,"column":15},"end":{"line":66,"column":3}},"line":57},"4":{"name":"(anonymous_4)","decl":{"start":{"line":76,"column":2},"end":{"line":76,"column":3}},"loc":{"start":{"line":76,"column":39},"end":{"line":88,"column":3}},"line":76},"5":{"name":"(anonymous_5)","decl":{"start":{"line":90,"column":2},"end":{"line":90,"column":3}},"loc":{"start":{"line":90,"column":15},"end":{"line":92,"column":3}},"line":90}},"branchMap":{"0":{"loc":{"start":{"line":77,"column":4},"end":{"line":87,"column":5}},"type":"if","locations":[{"start":{"line":77,"column":4},"end":{"line":87,"column":5}},{"start":{"line":77,"column":4},"end":{"line":87,"column":5}}],"line":77},"1":{"loc":{"start":{"line":77,"column":8},"end":{"line":77,"column":20}},"type":"binary-expr","locations":[{"start":{"line":77,"column":8},"end":{"line":77,"column":11}},{"start":{"line":77,"column":15},"end":{"line":77,"column":20}}],"line":77}},"s":{"0":1,"1":1,"2":1,"3":1,"4":3,"5":3,"6":3,"7":0,"8":0,"9":0,"10":0,"11":0,"12":0,"13":0,"14":0,"15":0,"16":0,"17":0,"18":0,"19":0,"20":0,"21":0,"22":3,"23":1,"24":1,"25":1,"26":1,"27":2,"28":2,"29":2,"30":2,"31":0,"32":1},"f":{"0":3,"1":0,"2":0,"3":0,"4":3,"5":0},"b":{"0":[1,2],"1":[3,1]},"_coverageSchema":"43e27e138ebf9cfc5966b082cf9a028302ed4184","hash":"d2ce5a4040f6bfaba58cb32c636cc099a2b4b5de","contentHash":"7c6fed4826c88fdd9c0693d3bc999bb9c71851d4b0aa2d2bf762c7cdffdfe08b"},"/Users/ninadhatkar/office/CLI-New/cli/packages/contentstack-migration/src/utils/index.js":{"path":"/Users/ninadhatkar/office/CLI-New/cli/packages/contentstack-migration/src/utils/index.js","statementMap":{"0":{"start":{"line":3,"column":0},"end":{"line":21,"column":1}}},"fnMap":{},"branchMap":{},"s":{"0":1},"f":{},"b":{},"_coverageSchema":"43e27e138ebf9cfc5966b082cf9a028302ed4184","hash":"c2ff2163db80b808d1760353771ea313781acd6d","contentHash":"00c9ac6fc9ad0f6372c4ee27a95e094be8268665bdf5e357036c6ca4123f6567"},"/Users/ninadhatkar/office/CLI-New/cli/packages/contentstack-migration/src/utils/map.js":{"path":"/Users/ninadhatkar/office/CLI-New/cli/packages/contentstack-migration/src/utils/map.js","statementMap":{"0":{"start":{"line":3,"column":44},"end":{"line":3,"column":66}},"1":{"start":{"line":5,"column":0},"end":{"line":7,"column":1}},"2":{"start":{"line":6,"column":2},"end":{"line":6,"column":18}},"3":{"start":{"line":9,"column":0},"end":{"line":19,"column":1}},"4":{"start":{"line":11,"column":15},"end":{"line":11,"column":34}},"5":{"start":{"line":13,"column":2},"end":{"line":16,"column":3}},"6":{"start":{"line":18,"column":2},"end":{"line":18,"column":15}},"7":{"start":{"line":21,"column":0},"end":{"line":23,"column":1}},"8":{"start":{"line":22,"column":2},"end":{"line":22,"column":34}},"9":{"start":{"line":25,"column":0},"end":{"line":29,"column":1}},"10":{"start":{"line":26,"column":13},"end":{"line":26,"column":38}},"11":{"start":{"line":27,"column":2},"end":{"line":27,"column":21}},"12":{"start":{"line":28,"column":2},"end":{"line":28,"column":13}},"13":{"start":{"line":31,"column":0},"end":{"line":34,"column":1}},"14":{"start":{"line":32,"column":2},"end":{"line":32,"column":41}},"15":{"start":{"line":33,"column":2},"end":{"line":33,"column":37}},"16":{"start":{"line":36,"column":0},"end":{"line":36,"column":26}}},"fnMap":{"0":{"name":"(anonymous_0)","decl":{"start":{"line":5,"column":25},"end":{"line":5,"column":26}},"loc":{"start":{"line":5,"column":31},"end":{"line":7,"column":1}},"line":5},"1":{"name":"(anonymous_1)","decl":{"start":{"line":9,"column":14},"end":{"line":9,"column":15}},"loc":{"start":{"line":9,"column":46},"end":{"line":19,"column":1}},"line":9},"2":{"name":"(anonymous_2)","decl":{"start":{"line":21,"column":14},"end":{"line":21,"column":15}},"loc":{"start":{"line":21,"column":41},"end":{"line":23,"column":1}},"line":21},"3":{"name":"(anonymous_3)","decl":{"start":{"line":25,"column":28},"end":{"line":25,"column":29}},"loc":{"start":{"line":25,"column":57},"end":{"line":29,"column":1}},"line":25},"4":{"name":"(anonymous_4)","decl":{"start":{"line":31,"column":27},"end":{"line":31,"column":28}},"loc":{"start":{"line":31,"column":42},"end":{"line":34,"column":1}},"line":31},"5":{"name":"(anonymous_5)","decl":{"start":{"line":36,"column":17},"end":{"line":36,"column":18}},"loc":{"start":{"line":36,"column":23},"end":{"line":36,"column":26}},"line":36}},"branchMap":{"0":{"loc":{"start":{"line":9,"column":32},"end":{"line":9,"column":41}},"type":"default-arg","locations":[{"start":{"line":9,"column":39},"end":{"line":9,"column":41}}],"line":9},"1":{"loc":{"start":{"line":13,"column":2},"end":{"line":16,"column":3}},"type":"binary-expr","locations":[{"start":{"line":13,"column":2},"end":{"line":13,"column":9}},{"start":{"line":14,"column":4},"end":{"line":15,"column":32}}],"line":13}},"s":{"0":1,"1":1,"2":11,"3":1,"4":12,"5":12,"6":12,"7":1,"8":5,"9":1,"10":1,"11":1,"12":1,"13":1,"14":1,"15":1,"16":1},"f":{"0":11,"1":12,"2":5,"3":1,"4":1,"5":0},"b":{"0":[12],"1":[12,1]},"_coverageSchema":"43e27e138ebf9cfc5966b082cf9a028302ed4184","hash":"5043b8cc7974503450309344a7c8ee604fe0ae77","contentHash":"a68fbe50d21c6c331ec6ca95fa5b926fa0b4cc1c02aa43c35775cb4b8a82bf54"},"/Users/ninadhatkar/office/CLI-New/cli/packages/contentstack-migration/src/utils/constants.js":{"path":"/Users/ninadhatkar/office/CLI-New/cli/packages/contentstack-migration/src/utils/constants.js","statementMap":{"0":{"start":{"line":3,"column":0},"end":{"line":3,"column":29}},"1":{"start":{"line":5,"column":0},"end":{"line":5,"column":19}},"2":{"start":{"line":7,"column":0},"end":{"line":7,"column":32}},"3":{"start":{"line":9,"column":0},"end":{"line":9,"column":41}},"4":{"start":{"line":11,"column":0},"end":{"line":11,"column":31}},"5":{"start":{"line":12,"column":0},"end":{"line":12,"column":31}},"6":{"start":{"line":13,"column":0},"end":{"line":13,"column":28}},"7":{"start":{"line":14,"column":0},"end":{"line":14,"column":25}},"8":{"start":{"line":15,"column":0},"end":{"line":15,"column":37}},"9":{"start":{"line":16,"column":0},"end":{"line":16,"column":37}},"10":{"start":{"line":17,"column":0},"end":{"line":17,"column":41}},"11":{"start":{"line":19,"column":0},"end":{"line":28,"column":1}},"12":{"start":{"line":31,"column":0},"end":{"line":31,"column":21}},"13":{"start":{"line":34,"column":0},"end":{"line":34,"column":29}},"14":{"start":{"line":36,"column":0},"end":{"line":36,"column":17}},"15":{"start":{"line":38,"column":0},"end":{"line":38,"column":46}},"16":{"start":{"line":40,"column":0},"end":{"line":40,"column":36}},"17":{"start":{"line":41,"column":0},"end":{"line":41,"column":23}},"18":{"start":{"line":43,"column":0},"end":{"line":48,"column":1}},"19":{"start":{"line":50,"column":0},"end":{"line":55,"column":1}},"20":{"start":{"line":57,"column":0},"end":{"line":57,"column":32}},"21":{"start":{"line":59,"column":0},"end":{"line":59,"column":23}},"22":{"start":{"line":61,"column":0},"end":{"line":61,"column":93}},"23":{"start":{"line":63,"column":0},"end":{"line":75,"column":1}},"24":{"start":{"line":77,"column":0},"end":{"line":109,"column":1}},"25":{"start":{"line":111,"column":0},"end":{"line":158,"column":1}},"26":{"start":{"line":160,"column":0},"end":{"line":202,"column":1}},"27":{"start":{"line":204,"column":0},"end":{"line":215,"column":1}}},"fnMap":{},"branchMap":{},"s":{"0":1,"1":1,"2":1,"3":1,"4":1,"5":1,"6":1,"7":1,"8":1,"9":1,"10":1,"11":1,"12":1,"13":1,"14":1,"15":1,"16":1,"17":1,"18":1,"19":1,"20":1,"21":1,"22":1,"23":1,"24":1,"25":1,"26":1,"27":1},"f":{},"b":{},"_coverageSchema":"43e27e138ebf9cfc5966b082cf9a028302ed4184","hash":"9cb88fb5c85e66f9b0ef7ad8f291c476eca8f72c","contentHash":"60023a2be3618ecdaa6a8393d42fbfdc6ee13730fbeaf64c78217a94b6538731"},"/Users/ninadhatkar/office/CLI-New/cli/packages/contentstack-migration/src/utils/schema-helper.js":{"path":"/Users/ninadhatkar/office/CLI-New/cli/packages/contentstack-migration/src/utils/schema-helper.js","statementMap":{"0":{"start":{"line":4,"column":44},"end":{"line":4,"column":66}},"1":{"start":{"line":6,"column":0},"end":{"line":22,"column":1}},"2":{"start":{"line":7,"column":37},"end":{"line":7,"column":44}},"3":{"start":{"line":9,"column":17},"end":{"line":20,"column":3}},"4":{"start":{"line":21,"column":2},"end":{"line":21,"column":15}},"5":{"start":{"line":24,"column":0},"end":{"line":24,"column":64}},"6":{"start":{"line":24,"column":25},"end":{"line":24,"column":64}},"7":{"start":{"line":26,"column":0},"end":{"line":26,"column":96}},"8":{"start":{"line":26,"column":34},"end":{"line":26,"column":96}},"9":{"start":{"line":28,"column":0},"end":{"line":28,"column":93}},"10":{"start":{"line":28,"column":31},"end":{"line":28,"column":93}},"11":{"start":{"line":30,"column":0},"end":{"line":35,"column":1}},"12":{"start":{"line":31,"column":2},"end":{"line":34,"column":3}}},"fnMap":{"0":{"name":"(anonymous_0)","decl":{"start":{"line":6,"column":20},"end":{"line":6,"column":21}},"loc":{"start":{"line":6,"column":42},"end":{"line":22,"column":1}},"line":6},"1":{"name":"(anonymous_1)","decl":{"start":{"line":24,"column":17},"end":{"line":24,"column":18}},"loc":{"start":{"line":24,"column":25},"end":{"line":24,"column":64}},"line":24},"2":{"name":"(anonymous_2)","decl":{"start":{"line":26,"column":26},"end":{"line":26,"column":27}},"loc":{"start":{"line":26,"column":34},"end":{"line":26,"column":96}},"line":26},"3":{"name":"(anonymous_3)","decl":{"start":{"line":28,"column":23},"end":{"line":28,"column":24}},"loc":{"start":{"line":28,"column":31},"end":{"line":28,"column":93}},"line":28},"4":{"name":"(anonymous_4)","decl":{"start":{"line":30,"column":27},"end":{"line":30,"column":28}},"loc":{"start":{"line":30,"column":35},"end":{"line":35,"column":1}},"line":30}},"branchMap":{"0":{"loc":{"start":{"line":26,"column":34},"end":{"line":26,"column":96}},"type":"binary-expr","locations":[{"start":{"line":26,"column":34},"end":{"line":26,"column":64}},{"start":{"line":26,"column":68},"end":{"line":26,"column":96}}],"line":26},"1":{"loc":{"start":{"line":28,"column":31},"end":{"line":28,"column":93}},"type":"binary-expr","locations":[{"start":{"line":28,"column":31},"end":{"line":28,"column":61}},{"start":{"line":28,"column":65},"end":{"line":28,"column":93}}],"line":28}},"s":{"0":1,"1":1,"2":0,"3":0,"4":0,"5":1,"6":1,"7":1,"8":0,"9":1,"10":0,"11":1,"12":0},"f":{"0":0,"1":1,"2":0,"3":0,"4":0},"b":{"0":[0,0],"1":[0,0]},"_coverageSchema":"43e27e138ebf9cfc5966b082cf9a028302ed4184","hash":"d55f69c4e7415bc03c4e01571a072fa25c128bf3","contentHash":"87c36485a4765ebc3a7ab74905c9caaf9299ed68655a3f82e8ede409f67cb1dd"},"/Users/ninadhatkar/office/CLI-New/cli/packages/contentstack-migration/src/utils/object-helper.js":{"path":"/Users/ninadhatkar/office/CLI-New/cli/packages/contentstack-migration/src/utils/object-helper.js","statementMap":{"0":{"start":{"line":3,"column":0},"end":{"line":9,"column":1}},"1":{"start":{"line":4,"column":17},"end":{"line":4,"column":19}},"2":{"start":{"line":5,"column":2},"end":{"line":7,"column":4}},"3":{"start":{"line":6,"column":4},"end":{"line":6,"column":32}},"4":{"start":{"line":8,"column":2},"end":{"line":8,"column":17}}},"fnMap":{"0":{"name":"(anonymous_0)","decl":{"start":{"line":3,"column":22},"end":{"line":3,"column":23}},"loc":{"start":{"line":3,"column":39},"end":{"line":9,"column":1}},"line":3},"1":{"name":"(anonymous_1)","decl":{"start":{"line":5,"column":17},"end":{"line":5,"column":18}},"loc":{"start":{"line":5,"column":26},"end":{"line":7,"column":3}},"line":5}},"branchMap":{},"s":{"0":1,"1":0,"2":0,"3":0,"4":0},"f":{"0":0,"1":0},"b":{},"_coverageSchema":"43e27e138ebf9cfc5966b082cf9a028302ed4184","hash":"c302c50c29cbb5aa87d56c29d7842c44b3dec4bb","contentHash":"716956ab9efcb5cf5647171ae8f9c510be49048fe78169a696d8ad49937343d9"},"/Users/ninadhatkar/office/CLI-New/cli/packages/contentstack-migration/src/utils/fs-helper.js":{"path":"/Users/ninadhatkar/office/CLI-New/cli/packages/contentstack-migration/src/utils/fs-helper.js","statementMap":{"0":{"start":{"line":3,"column":46},"end":{"line":3,"column":59}},"1":{"start":{"line":5,"column":0},"end":{"line":7,"column":1}},"2":{"start":{"line":6,"column":2},"end":{"line":6,"column":49}},"3":{"start":{"line":9,"column":0},"end":{"line":9,"column":53}},"4":{"start":{"line":9,"column":33},"end":{"line":9,"column":53}},"5":{"start":{"line":11,"column":0},"end":{"line":14,"column":1}},"6":{"start":{"line":12,"column":2},"end":{"line":12,"column":67}},"7":{"start":{"line":12,"column":29},"end":{"line":12,"column":67}},"8":{"start":{"line":13,"column":2},"end":{"line":13,"column":40}}},"fnMap":{"0":{"name":"(anonymous_0)","decl":{"start":{"line":5,"column":18},"end":{"line":5,"column":19}},"loc":{"start":{"line":5,"column":29},"end":{"line":7,"column":1}},"line":5},"1":{"name":"(anonymous_1)","decl":{"start":{"line":9,"column":21},"end":{"line":9,"column":22}},"loc":{"start":{"line":9,"column":33},"end":{"line":9,"column":53}},"line":9},"2":{"name":"(anonymous_2)","decl":{"start":{"line":11,"column":19},"end":{"line":11,"column":20}},"loc":{"start":{"line":11,"column":31},"end":{"line":14,"column":1}},"line":11}},"branchMap":{"0":{"loc":{"start":{"line":6,"column":2},"end":{"line":6,"column":49}},"type":"binary-expr","locations":[{"start":{"line":6,"column":2},"end":{"line":6,"column":27}},{"start":{"line":6,"column":31},"end":{"line":6,"column":49}}],"line":6},"1":{"loc":{"start":{"line":12,"column":2},"end":{"line":12,"column":67}},"type":"if","locations":[{"start":{"line":12,"column":2},"end":{"line":12,"column":67}},{"start":{"line":12,"column":2},"end":{"line":12,"column":67}}],"line":12}},"s":{"0":1,"1":1,"2":3,"3":1,"4":3,"5":1,"6":1,"7":0,"8":1},"f":{"0":3,"1":3,"2":1},"b":{"0":[3,0],"1":[0,1]},"_coverageSchema":"43e27e138ebf9cfc5966b082cf9a028302ed4184","hash":"044d2e54430465ca3726984eaa7fdaf6ddd2aa8b","contentHash":"f9acb0e7caa36c4b0666df4a14bbf0f63c594376714e58f170bca839b8f377c6"},"/Users/ninadhatkar/office/CLI-New/cli/packages/contentstack-migration/src/utils/logger.js":{"path":"/Users/ninadhatkar/office/CLI-New/cli/packages/contentstack-migration/src/utils/logger.js","statementMap":{"0":{"start":{"line":3,"column":43},"end":{"line":3,"column":61}},"1":{"start":{"line":4,"column":24},"end":{"line":4,"column":39}},"2":{"start":{"line":5,"column":16},"end":{"line":5,"column":31}},"3":{"start":{"line":6,"column":20},"end":{"line":6,"column":24}},"4":{"start":{"line":8,"column":54},"end":{"line":8,"column":60}},"5":{"start":{"line":11,"column":18},"end":{"line":11,"column":40}},"6":{"start":{"line":13,"column":19},"end":{"line":13,"column":30}},"7":{"start":{"line":16,"column":12},"end":{"line":16,"column":14}},"8":{"start":{"line":17,"column":2},"end":{"line":25,"column":3}},"9":{"start":{"line":18,"column":4},"end":{"line":24,"column":11}},"10":{"start":{"line":19,"column":6},"end":{"line":21,"column":12}},"11":{"start":{"line":26,"column":2},"end":{"line":26,"column":12}},"12":{"start":{"line":29,"column":21},"end":{"line":31,"column":2}},"13":{"start":{"line":30,"column":2},"end":{"line":30,"column":55}},"14":{"start":{"line":34,"column":18},"end":{"line":34,"column":33}},"15":{"start":{"line":36,"column":2},"end":{"line":36,"column":18}},"16":{"start":{"line":38,"column":18},"end":{"line":38,"column":53}},"17":{"start":{"line":46,"column":17},"end":{"line":57,"column":4}},"18":{"start":{"line":61,"column":2},"end":{"line":82,"column":3}},"19":{"start":{"line":63,"column":6},"end":{"line":63,"column":34}},"20":{"start":{"line":64,"column":6},"end":{"line":64,"column":33}},"21":{"start":{"line":65,"column":6},"end":{"line":65,"column":48}},"22":{"start":{"line":68,"column":6},"end":{"line":68,"column":34}},"23":{"start":{"line":69,"column":6},"end":{"line":69,"column":33}},"24":{"start":{"line":70,"column":6},"end":{"line":70,"column":48}},"25":{"start":{"line":73,"column":6},"end":{"line":73,"column":34}},"26":{"start":{"line":74,"column":6},"end":{"line":74,"column":33}},"27":{"start":{"line":75,"column":6},"end":{"line":75,"column":49}},"28":{"start":{"line":78,"column":6},"end":{"line":78,"column":34}},"29":{"start":{"line":79,"column":6},"end":{"line":79,"column":33}},"30":{"start":{"line":80,"column":6},"end":{"line":80,"column":49}},"31":{"start":{"line":85,"column":0},"end":{"line":85,"column":37}},"32":{"start":{"line":86,"column":0},"end":{"line":90,"column":1}},"33":{"start":{"line":87,"column":2},"end":{"line":87,"column":35}},"34":{"start":{"line":89,"column":2},"end":{"line":89,"column":37}},"35":{"start":{"line":91,"column":0},"end":{"line":91,"column":32}}},"fnMap":{"0":{"name":"getString","decl":{"start":{"line":15,"column":9},"end":{"line":15,"column":18}},"loc":{"start":{"line":15,"column":25},"end":{"line":27,"column":1}},"line":15},"1":{"name":"(anonymous_1)","decl":{"start":{"line":18,"column":19},"end":{"line":18,"column":20}},"loc":{"start":{"line":19,"column":6},"end":{"line":21,"column":12}},"line":19},"2":{"name":"(anonymous_2)","decl":{"start":{"line":29,"column":28},"end":{"line":29,"column":29}},"loc":{"start":{"line":29,"column":68},"end":{"line":31,"column":1}},"line":29},"3":{"name":"init","decl":{"start":{"line":33,"column":9},"end":{"line":33,"column":13}},"loc":{"start":{"line":33,"column":27},"end":{"line":83,"column":1}},"line":33},"4":{"name":"(anonymous_4)","decl":{"start":{"line":62,"column":9},"end":{"line":62,"column":10}},"loc":{"start":{"line":62,"column":21},"end":{"line":66,"column":5}},"line":62},"5":{"name":"(anonymous_5)","decl":{"start":{"line":67,"column":10},"end":{"line":67,"column":11}},"loc":{"start":{"line":67,"column":22},"end":{"line":71,"column":5}},"line":67},"6":{"name":"(anonymous_6)","decl":{"start":{"line":72,"column":11},"end":{"line":72,"column":12}},"loc":{"start":{"line":72,"column":23},"end":{"line":76,"column":5}},"line":72},"7":{"name":"(anonymous_7)","decl":{"start":{"line":77,"column":11},"end":{"line":77,"column":12}},"loc":{"start":{"line":77,"column":23},"end":{"line":81,"column":5}},"line":77}},"branchMap":{"0":{"loc":{"start":{"line":17,"column":2},"end":{"line":25,"column":3}},"type":"if","locations":[{"start":{"line":17,"column":2},"end":{"line":25,"column":3}},{"start":{"line":17,"column":2},"end":{"line":25,"column":3}}],"line":17},"1":{"loc":{"start":{"line":17,"column":6},"end":{"line":17,"column":25}},"type":"binary-expr","locations":[{"start":{"line":17,"column":6},"end":{"line":17,"column":10}},{"start":{"line":17,"column":14},"end":{"line":17,"column":25}}],"line":17},"2":{"loc":{"start":{"line":19,"column":6},"end":{"line":21,"column":12}},"type":"cond-expr","locations":[{"start":{"line":20,"column":8},"end":{"line":20,"column":23}},{"start":{"line":21,"column":8},"end":{"line":21,"column":12}}],"line":19},"3":{"loc":{"start":{"line":19,"column":6},"end":{"line":19,"column":38}},"type":"binary-expr","locations":[{"start":{"line":19,"column":6},"end":{"line":19,"column":10}},{"start":{"line":19,"column":14},"end":{"line":19,"column":38}}],"line":19},"4":{"loc":{"start":{"line":65,"column":6},"end":{"line":65,"column":48}},"type":"binary-expr","locations":[{"start":{"line":65,"column":6},"end":{"line":65,"column":15}},{"start":{"line":65,"column":19},"end":{"line":65,"column":48}}],"line":65},"5":{"loc":{"start":{"line":70,"column":6},"end":{"line":70,"column":48}},"type":"binary-expr","locations":[{"start":{"line":70,"column":6},"end":{"line":70,"column":15}},{"start":{"line":70,"column":19},"end":{"line":70,"column":48}}],"line":70},"6":{"loc":{"start":{"line":75,"column":6},"end":{"line":75,"column":49}},"type":"binary-expr","locations":[{"start":{"line":75,"column":6},"end":{"line":75,"column":15}},{"start":{"line":75,"column":19},"end":{"line":75,"column":49}}],"line":75},"7":{"loc":{"start":{"line":80,"column":6},"end":{"line":80,"column":49}},"type":"binary-expr","locations":[{"start":{"line":80,"column":6},"end":{"line":80,"column":15}},{"start":{"line":80,"column":19},"end":{"line":80,"column":49}}],"line":80},"8":{"loc":{"start":{"line":86,"column":0},"end":{"line":90,"column":1}},"type":"if","locations":[{"start":{"line":86,"column":0},"end":{"line":90,"column":1}},{"start":{"line":86,"column":0},"end":{"line":90,"column":1}}],"line":86}},"s":{"0":1,"1":1,"2":1,"3":1,"4":1,"5":1,"6":1,"7":1,"8":1,"9":1,"10":1,"11":1,"12":1,"13":1,"14":3,"15":3,"16":3,"17":3,"18":3,"19":0,"20":0,"21":0,"22":0,"23":0,"24":0,"25":1,"26":1,"27":1,"28":0,"29":0,"30":0,"31":1,"32":1,"33":0,"34":1,"35":1},"f":{"0":1,"1":1,"2":1,"3":3,"4":0,"5":0,"6":1,"7":0},"b":{"0":[1,0],"1":[1,1],"2":[0,1],"3":[1,1],"4":[0,0],"5":[0,0],"6":[1,1],"7":[0,0],"8":[0,1]},"_coverageSchema":"43e27e138ebf9cfc5966b082cf9a028302ed4184","hash":"3a58fc2408ab2d57d85182d034f1b89533530dd6","contentHash":"4ed9e0902ff809aa3c47269700c47c2415753abc4f14a8d5d6fe093cf00e2c68"},"/Users/ninadhatkar/office/CLI-New/cli/packages/contentstack-migration/src/utils/request.js":{"path":"/Users/ninadhatkar/office/CLI-New/cli/packages/contentstack-migration/src/utils/request.js","statementMap":{"0":{"start":{"line":4,"column":18},"end":{"line":4,"column":34}},"1":{"start":{"line":5,"column":27},"end":{"line":5,"column":31}},"2":{"start":{"line":8,"column":44},"end":{"line":8,"column":60}},"3":{"start":{"line":11,"column":38},"end":{"line":11,"column":60}},"4":{"start":{"line":14,"column":20},"end":{"line":14,"column":27}},"5":{"start":{"line":16,"column":0},"end":{"line":65,"column":1}},"6":{"start":{"line":24,"column":16},"end":{"line":31,"column":3}},"7":{"start":{"line":32,"column":2},"end":{"line":64,"column":3}},"8":{"start":{"line":34,"column":15},"end":{"line":34,"column":49}},"9":{"start":{"line":36,"column":4},"end":{"line":36,"column":58}},"10":{"start":{"line":38,"column":4},"end":{"line":63,"column":6}},"11":{"start":{"line":39,"column":18},"end":{"line":55,"column":8}},"12":{"start":{"line":40,"column":23},"end":{"line":40,"column":25}},"13":{"start":{"line":42,"column":8},"end":{"line":44,"column":10}},"14":{"start":{"line":43,"column":10},"end":{"line":43,"column":37}},"15":{"start":{"line":46,"column":8},"end":{"line":54,"column":10}},"16":{"start":{"line":47,"column":10},"end":{"line":53,"column":11}},"17":{"start":{"line":48,"column":12},"end":{"line":48,"column":38}},"18":{"start":{"line":49,"column":12},"end":{"line":49,"column":29}},"19":{"start":{"line":51,"column":12},"end":{"line":51,"column":51}},"20":{"start":{"line":57,"column":6},"end":{"line":59,"column":8}},"21":{"start":{"line":58,"column":8},"end":{"line":58,"column":19}},"22":{"start":{"line":61,"column":6},"end":{"line":61,"column":61}},"23":{"start":{"line":62,"column":6},"end":{"line":62,"column":15}},"24":{"start":{"line":68,"column":2},"end":{"line":68,"column":30}},"25":{"start":{"line":68,"column":24},"end":{"line":68,"column":30}},"26":{"start":{"line":70,"column":20},"end":{"line":70,"column":36}},"27":{"start":{"line":72,"column":13},"end":{"line":72,"column":71}},"28":{"start":{"line":73,"column":2},"end":{"line":73,"column":24}},"29":{"start":{"line":78,"column":2},"end":{"line":85,"column":3}},"30":{"start":{"line":79,"column":4},"end":{"line":83,"column":5}},"31":{"start":{"line":80,"column":6},"end":{"line":80,"column":24}},"32":{"start":{"line":82,"column":6},"end":{"line":82,"column":59}},"33":{"start":{"line":84,"column":4},"end":{"line":84,"column":69}},"34":{"start":{"line":87,"column":2},"end":{"line":92,"column":3}},"35":{"start":{"line":88,"column":4},"end":{"line":88,"column":51}},"36":{"start":{"line":90,"column":4},"end":{"line":90,"column":42}},"37":{"start":{"line":91,"column":4},"end":{"line":91,"column":44}},"38":{"start":{"line":94,"column":2},"end":{"line":94,"column":16}}},"fnMap":{"0":{"name":"(anonymous_0)","decl":{"start":{"line":16,"column":17},"end":{"line":16,"column":18}},"loc":{"start":{"line":23,"column":6},"end":{"line":65,"column":1}},"line":23},"1":{"name":"(anonymous_1)","decl":{"start":{"line":32,"column":9},"end":{"line":32,"column":10}},"loc":{"start":{"line":32,"column":18},"end":{"line":64,"column":3}},"line":32},"2":{"name":"(anonymous_2)","decl":{"start":{"line":38,"column":23},"end":{"line":38,"column":24}},"loc":{"start":{"line":38,"column":44},"end":{"line":63,"column":5}},"line":38},"3":{"name":"(anonymous_3)","decl":{"start":{"line":39,"column":35},"end":{"line":39,"column":36}},"loc":{"start":{"line":39,"column":42},"end":{"line":55,"column":7}},"line":39},"4":{"name":"(anonymous_4)","decl":{"start":{"line":42,"column":23},"end":{"line":42,"column":24}},"loc":{"start":{"line":42,"column":31},"end":{"line":44,"column":9}},"line":42},"5":{"name":"(anonymous_5)","decl":{"start":{"line":46,"column":22},"end":{"line":46,"column":23}},"loc":{"start":{"line":46,"column":28},"end":{"line":54,"column":9}},"line":46},"6":{"name":"(anonymous_6)","decl":{"start":{"line":57,"column":22},"end":{"line":57,"column":23}},"loc":{"start":{"line":57,"column":29},"end":{"line":59,"column":7}},"line":57},"7":{"name":"getData","decl":{"start":{"line":67,"column":9},"end":{"line":67,"column":16}},"loc":{"start":{"line":67,"column":44},"end":{"line":74,"column":1}},"line":67},"8":{"name":"getNewOptions","decl":{"start":{"line":76,"column":9},"end":{"line":76,"column":22}},"loc":{"start":{"line":76,"column":54},"end":{"line":95,"column":1}},"line":76}},"branchMap":{"0":{"loc":{"start":{"line":61,"column":6},"end":{"line":61,"column":61}},"type":"binary-expr","locations":[{"start":{"line":61,"column":6},"end":{"line":61,"column":42}},{"start":{"line":61,"column":46},"end":{"line":61,"column":61}}],"line":61},"1":{"loc":{"start":{"line":68,"column":2},"end":{"line":68,"column":30}},"type":"if","locations":[{"start":{"line":68,"column":2},"end":{"line":68,"column":30}},{"start":{"line":68,"column":2},"end":{"line":68,"column":30}}],"line":68},"2":{"loc":{"start":{"line":72,"column":13},"end":{"line":72,"column":71}},"type":"cond-expr","locations":[{"start":{"line":72,"column":21},"end":{"line":72,"column":26}},{"start":{"line":72,"column":29},"end":{"line":72,"column":71}}],"line":72},"3":{"loc":{"start":{"line":78,"column":2},"end":{"line":85,"column":3}},"type":"if","locations":[{"start":{"line":78,"column":2},"end":{"line":85,"column":3}},{"start":{"line":78,"column":2},"end":{"line":85,"column":3}}],"line":78},"4":{"loc":{"start":{"line":87,"column":2},"end":{"line":92,"column":3}},"type":"if","locations":[{"start":{"line":87,"column":2},"end":{"line":92,"column":3}},{"start":{"line":87,"column":2},"end":{"line":92,"column":3}}],"line":87}},"s":{"0":1,"1":1,"2":1,"3":1,"4":1,"5":1,"6":0,"7":0,"8":0,"9":0,"10":0,"11":0,"12":0,"13":0,"14":0,"15":0,"16":0,"17":0,"18":0,"19":0,"20":0,"21":0,"22":0,"23":0,"24":0,"25":0,"26":0,"27":0,"28":0,"29":0,"30":0,"31":0,"32":0,"33":0,"34":0,"35":0,"36":0,"37":0,"38":0},"f":{"0":0,"1":0,"2":0,"3":0,"4":0,"5":0,"6":0,"7":0,"8":0},"b":{"0":[0,0],"1":[0,0],"2":[0,0],"3":[0,0],"4":[0,0]},"_coverageSchema":"43e27e138ebf9cfc5966b082cf9a028302ed4184","hash":"a4426a1b770913fb1632a2199f0c48319cef9d6a","contentHash":"64000f0a3ca8962c940eb854c5def328c9f6c0cb756ae7f533b3e5485170d0e9"},"/Users/ninadhatkar/office/CLI-New/cli/packages/contentstack-migration/src/utils/safe-promise.js":{"path":"/Users/ninadhatkar/office/CLI-New/cli/packages/contentstack-migration/src/utils/safe-promise.js","statementMap":{"0":{"start":{"line":3,"column":0},"end":{"line":3,"column":80}},"1":{"start":{"line":3,"column":28},"end":{"line":3,"column":80}},"2":{"start":{"line":3,"column":48},"end":{"line":3,"column":59}},"3":{"start":{"line":3,"column":74},"end":{"line":3,"column":79}}},"fnMap":{"0":{"name":"(anonymous_0)","decl":{"start":{"line":3,"column":17},"end":{"line":3,"column":18}},"loc":{"start":{"line":3,"column":28},"end":{"line":3,"column":80}},"line":3},"1":{"name":"(anonymous_1)","decl":{"start":{"line":3,"column":41},"end":{"line":3,"column":42}},"loc":{"start":{"line":3,"column":48},"end":{"line":3,"column":59}},"line":3},"2":{"name":"(anonymous_2)","decl":{"start":{"line":3,"column":67},"end":{"line":3,"column":68}},"loc":{"start":{"line":3,"column":74},"end":{"line":3,"column":79}},"line":3}},"branchMap":{},"s":{"0":1,"1":2,"2":0,"3":2},"f":{"0":2,"1":0,"2":2},"b":{},"_coverageSchema":"43e27e138ebf9cfc5966b082cf9a028302ed4184","hash":"78e8ce00b59e853aaf163fa191422f6be4a4fca1","contentHash":"09d1358440a384a215ab222f40ca3ce9cbdbf91944bef8021750bda2f26b4dc4"},"/Users/ninadhatkar/office/CLI-New/cli/packages/contentstack-migration/src/utils/get-config.js":{"path":"/Users/ninadhatkar/office/CLI-New/cli/packages/contentstack-migration/src/utils/get-config.js","statementMap":{"0":{"start":{"line":3,"column":20},"end":{"line":3,"column":40}},"1":{"start":{"line":5,"column":0},"end":{"line":13,"column":1}},"2":{"start":{"line":6,"column":2},"end":{"line":12,"column":3}}},"fnMap":{"0":{"name":"(anonymous_0)","decl":{"start":{"line":5,"column":17},"end":{"line":5,"column":18}},"loc":{"start":{"line":5,"column":48},"end":{"line":13,"column":1}},"line":5}},"branchMap":{"0":{"loc":{"start":{"line":8,"column":10},"end":{"line":8,"column":66}},"type":"cond-expr","locations":[{"start":{"line":8,"column":17},"end":{"line":8,"column":46}},{"start":{"line":8,"column":49},"end":{"line":8,"column":66}}],"line":8}},"s":{"0":1,"1":1,"2":0},"f":{"0":0},"b":{"0":[0,0]},"_coverageSchema":"43e27e138ebf9cfc5966b082cf9a028302ed4184","hash":"296dd417d27cb842065a44dc27467292a4af2492","contentHash":"b80780048fe272d09073c16ec6a40494d0c48071e57d4c1ddd62ebc3d7f7ed91"},"/Users/ninadhatkar/office/CLI-New/cli/packages/contentstack-migration/src/config/index.js":{"path":"/Users/ninadhatkar/office/CLI-New/cli/packages/contentstack-migration/src/config/index.js","statementMap":{"0":{"start":{"line":3,"column":0},"end":{"line":7,"column":1}}},"fnMap":{},"branchMap":{},"s":{"0":1},"f":{},"b":{},"_coverageSchema":"43e27e138ebf9cfc5966b082cf9a028302ed4184","hash":"0a994b0bbb66a7447c95341dc5b2d830a18508a7","contentHash":"d3c887c84eb1c82fe1310d36288ae1cf041db158b575aa5afc9ea18fce8ed938"},"/Users/ninadhatkar/office/CLI-New/cli/packages/contentstack-migration/src/config/api-config.js":{"path":"/Users/ninadhatkar/office/CLI-New/cli/packages/contentstack-migration/src/config/api-config.js","statementMap":{"0":{"start":{"line":3,"column":86},"end":{"line":3,"column":97}},"1":{"start":{"line":4,"column":18},"end":{"line":4,"column":47}},"2":{"start":{"line":5,"column":0},"end":{"line":18,"column":1}}},"fnMap":{},"branchMap":{},"s":{"0":1,"1":1,"2":1},"f":{},"b":{},"_coverageSchema":"43e27e138ebf9cfc5966b082cf9a028302ed4184","hash":"cd4de83c062910a8d6f3dc731f1d7d0f162a7a8c","contentHash":"6d4ff70f02fba4a9b750e8ecc971480f47f9bb95c8cabdfa8d83a5239b8d8d0f"},"/Users/ninadhatkar/office/CLI-New/cli/packages/contentstack-migration/src/config/default-options.js":{"path":"/Users/ninadhatkar/office/CLI-New/cli/packages/contentstack-migration/src/config/default-options.js","statementMap":{"0":{"start":{"line":3,"column":0},"end":{"line":6,"column":1}}},"fnMap":{},"branchMap":{},"s":{"0":1},"f":{},"b":{},"_coverageSchema":"43e27e138ebf9cfc5966b082cf9a028302ed4184","hash":"569cf170ae4dbc571971c1e2426cd3e97412f1a4","contentHash":"35d75bd95749dcc8f8038f907b05c18ed6cc5be1110ea2bfaacd22ccf09df0ff"},"/Users/ninadhatkar/office/CLI-New/cli/packages/contentstack-migration/src/config/master-locale.js":{"path":"/Users/ninadhatkar/office/CLI-New/cli/packages/contentstack-migration/src/config/master-locale.js","statementMap":{"0":{"start":{"line":3,"column":0},"end":{"line":9,"column":1}}},"fnMap":{},"branchMap":{},"s":{"0":1},"f":{},"b":{},"_coverageSchema":"43e27e138ebf9cfc5966b082cf9a028302ed4184","hash":"268a2ec01fb279f7f7d44ce7e755367f77fd8dcd","contentHash":"4fe758338a148c840c5b121ee5800497a9a9d08bccdba5bb3d29ee776bed6c24"},"/Users/ninadhatkar/office/CLI-New/cli/packages/contentstack-migration/src/utils/success-handler.js":{"path":"/Users/ninadhatkar/office/CLI-New/cli/packages/contentstack-migration/src/utils/success-handler.js","statementMap":{"0":{"start":{"line":3,"column":18},"end":{"line":3,"column":37}},"1":{"start":{"line":4,"column":32},"end":{"line":4,"column":54}},"2":{"start":{"line":6,"column":0},"end":{"line":12,"column":1}},"3":{"start":{"line":7,"column":2},"end":{"line":11,"column":3}},"4":{"start":{"line":10,"column":4},"end":{"line":10,"column":45}}},"fnMap":{"0":{"name":"(anonymous_0)","decl":{"start":{"line":6,"column":17},"end":{"line":6,"column":18}},"loc":{"start":{"line":6,"column":41},"end":{"line":12,"column":1}},"line":6}},"branchMap":{"0":{"loc":{"start":{"line":7,"column":2},"end":{"line":11,"column":3}},"type":"if","locations":[{"start":{"line":7,"column":2},"end":{"line":11,"column":3}},{"start":{"line":7,"column":2},"end":{"line":11,"column":3}}],"line":7},"1":{"loc":{"start":{"line":7,"column":6},"end":{"line":7,"column":28}},"type":"binary-expr","locations":[{"start":{"line":7,"column":6},"end":{"line":7,"column":10}},{"start":{"line":7,"column":14},"end":{"line":7,"column":18}},{"start":{"line":7,"column":22},"end":{"line":7,"column":28}}],"line":7}},"s":{"0":1,"1":1,"2":1,"3":0,"4":0},"f":{"0":0},"b":{"0":[0,0],"1":[0,0,0]},"_coverageSchema":"43e27e138ebf9cfc5966b082cf9a028302ed4184","hash":"6d55390d5f5baf29e68d548eba9cdff24be61793","contentHash":"aff12ebb0c864c84a15e5922edd0a9197c2b76dd3eee48a22f13172926e8c83a"},"/Users/ninadhatkar/office/CLI-New/cli/packages/contentstack-migration/src/utils/error-handler.js":{"path":"/Users/ninadhatkar/office/CLI-New/cli/packages/contentstack-migration/src/utils/error-handler.js","statementMap":{"0":{"start":{"line":3,"column":16},"end":{"line":3,"column":35}},"1":{"start":{"line":4,"column":30},"end":{"line":4,"column":52}},"2":{"start":{"line":6,"column":0},"end":{"line":17,"column":1}},"3":{"start":{"line":7,"column":2},"end":{"line":9,"column":3}},"4":{"start":{"line":8,"column":4},"end":{"line":8,"column":82}},"5":{"start":{"line":10,"column":2},"end":{"line":15,"column":3}},"6":{"start":{"line":14,"column":4},"end":{"line":14,"column":14}}},"fnMap":{"0":{"name":"(anonymous_0)","decl":{"start":{"line":6,"column":17},"end":{"line":6,"column":18}},"loc":{"start":{"line":6,"column":46},"end":{"line":17,"column":1}},"line":6}},"branchMap":{"0":{"loc":{"start":{"line":7,"column":2},"end":{"line":9,"column":3}},"type":"if","locations":[{"start":{"line":7,"column":2},"end":{"line":9,"column":3}},{"start":{"line":7,"column":2},"end":{"line":9,"column":3}}],"line":7},"1":{"loc":{"start":{"line":7,"column":6},"end":{"line":7,"column":28}},"type":"binary-expr","locations":[{"start":{"line":7,"column":6},"end":{"line":7,"column":10}},{"start":{"line":7,"column":14},"end":{"line":7,"column":18}},{"start":{"line":7,"column":22},"end":{"line":7,"column":28}}],"line":7},"2":{"loc":{"start":{"line":10,"column":2},"end":{"line":15,"column":3}},"type":"if","locations":[{"start":{"line":10,"column":2},"end":{"line":15,"column":3}},{"start":{"line":10,"column":2},"end":{"line":15,"column":3}}],"line":10},"3":{"loc":{"start":{"line":10,"column":6},"end":{"line":10,"column":61}},"type":"binary-expr","locations":[{"start":{"line":10,"column":6},"end":{"line":10,"column":26}},{"start":{"line":10,"column":30},"end":{"line":10,"column":33}},{"start":{"line":10,"column":37},"end":{"line":10,"column":48}},{"start":{"line":10,"column":52},"end":{"line":10,"column":61}}],"line":10}},"s":{"0":1,"1":1,"2":1,"3":1,"4":1,"5":1,"6":0},"f":{"0":1},"b":{"0":[1,0],"1":[1,1,1],"2":[1,0],"3":[1,1,1,1]},"_coverageSchema":"43e27e138ebf9cfc5966b082cf9a028302ed4184","hash":"3e527b2fa605340ed3f3c0f6e4aaf3eef2c007b2","contentHash":"b80e895176974485c0e5fbdb7035fc5124778077501aafce0b3d2fe48043a113"},"/Users/ninadhatkar/office/CLI-New/cli/packages/contentstack-migration/src/utils/callsite.js":{"path":"/Users/ninadhatkar/office/CLI-New/cli/packages/contentstack-migration/src/utils/callsite.js","statementMap":{"0":{"start":{"line":3,"column":21},"end":{"line":3,"column":41}},"1":{"start":{"line":4,"column":25},"end":{"line":4,"column":40}},"2":{"start":{"line":7,"column":21},"end":{"line":7,"column":41}},"3":{"start":{"line":8,"column":2},"end":{"line":8,"column":30}},"4":{"start":{"line":11,"column":0},"end":{"line":22,"column":1}},"5":{"start":{"line":12,"column":18},"end":{"line":12,"column":46}},"6":{"start":{"line":13,"column":20},"end":{"line":13,"column":34}},"7":{"start":{"line":15,"column":23},"end":{"line":19,"column":4}},"8":{"start":{"line":16,"column":23},"end":{"line":16,"column":63}},"9":{"start":{"line":17,"column":25},"end":{"line":17,"column":47}},"10":{"start":{"line":18,"column":4},"end":{"line":18,"column":23}},"11":{"start":{"line":21,"column":2},"end":{"line":21,"column":21}}},"fnMap":{"0":{"name":"getFileDirectory","decl":{"start":{"line":6,"column":9},"end":{"line":6,"column":25}},"loc":{"start":{"line":6,"column":32},"end":{"line":9,"column":1}},"line":6},"1":{"name":"(anonymous_1)","decl":{"start":{"line":11,"column":17},"end":{"line":11,"column":18}},"loc":{"start":{"line":11,"column":23},"end":{"line":22,"column":1}},"line":11},"2":{"name":"(anonymous_2)","decl":{"start":{"line":15,"column":38},"end":{"line":15,"column":39}},"loc":{"start":{"line":15,"column":50},"end":{"line":19,"column":3}},"line":15}},"branchMap":{},"s":{"0":1,"1":1,"2":8,"3":8,"4":1,"5":2,"6":2,"7":2,"8":6,"9":6,"10":6,"11":2},"f":{"0":8,"1":2,"2":6},"b":{},"_coverageSchema":"43e27e138ebf9cfc5966b082cf9a028302ed4184","hash":"e3119b804bc70b4848014c9c70ac2113d14645e3","contentHash":"059fed6d3b1522f7cbbdc3307471cf0856e2e80373302721ce0d64750412af41"},"/Users/ninadhatkar/office/CLI-New/cli/packages/contentstack-migration/src/utils/error-helper.js":{"path":"/Users/ninadhatkar/office/CLI-New/cli/packages/contentstack-migration/src/utils/error-helper.js","statementMap":{"0":{"start":{"line":2,"column":20},"end":{"line":2,"column":39}},"1":{"start":{"line":3,"column":15},"end":{"line":3,"column":21}},"2":{"start":{"line":4,"column":14},"end":{"line":4,"column":30}},"3":{"start":{"line":6,"column":19},"end":{"line":6,"column":41}},"4":{"start":{"line":7,"column":16},"end":{"line":7,"column":37}},"5":{"start":{"line":9,"column":27},"end":{"line":20,"column":1}},"6":{"start":{"line":10,"column":16},"end":{"line":10,"column":30}},"7":{"start":{"line":12,"column":20},"end":{"line":12,"column":59}},"8":{"start":{"line":13,"column":19},"end":{"line":13,"column":82}},"9":{"start":{"line":15,"column":2},"end":{"line":19,"column":3}},"10":{"start":{"line":22,"column":0},"end":{"line":53,"column":1}},"11":{"start":{"line":23,"column":23},"end":{"line":23,"column":46}},"12":{"start":{"line":24,"column":19},"end":{"line":24,"column":21}},"13":{"start":{"line":26,"column":2},"end":{"line":46,"column":3}},"14":{"start":{"line":27,"column":25},"end":{"line":27,"column":39}},"15":{"start":{"line":28,"column":28},"end":{"line":28,"column":68}},"16":{"start":{"line":29,"column":18},"end":{"line":29,"column":45}},"17":{"start":{"line":31,"column":30},"end":{"line":31,"column":64}},"18":{"start":{"line":32,"column":26},"end":{"line":43,"column":17}},"19":{"start":{"line":33,"column":23},"end":{"line":33,"column":42}},"20":{"start":{"line":34,"column":22},"end":{"line":34,"column":23}},"21":{"start":{"line":35,"column":36},"end":{"line":35,"column":85}},"22":{"start":{"line":37,"column":26},"end":{"line":37,"column":62}},"23":{"start":{"line":37,"column":45},"end":{"line":37,"column":61}},"24":{"start":{"line":38,"column":25},"end":{"line":38,"column":60}},"25":{"start":{"line":38,"column":43},"end":{"line":38,"column":59}},"26":{"start":{"line":39,"column":30},"end":{"line":39,"column":53}},"27":{"start":{"line":41,"column":28},"end":{"line":41,"column":70}},"28":{"start":{"line":42,"column":6},"end":{"line":42,"column":115}},"29":{"start":{"line":45,"column":4},"end":{"line":45,"column":57}},"30":{"start":{"line":50,"column":2},"end":{"line":50,"column":37}},"31":{"start":{"line":52,"column":2},"end":{"line":52,"column":58}}},"fnMap":{"0":{"name":"(anonymous_0)","decl":{"start":{"line":9,"column":27},"end":{"line":9,"column":28}},"loc":{"start":{"line":9,"column":59},"end":{"line":20,"column":1}},"line":9},"1":{"name":"(anonymous_1)","decl":{"start":{"line":22,"column":17},"end":{"line":22,"column":18}},"loc":{"start":{"line":22,"column":27},"end":{"line":53,"column":1}},"line":22},"2":{"name":"(anonymous_2)","decl":{"start":{"line":32,"column":49},"end":{"line":32,"column":50}},"loc":{"start":{"line":32,"column":58},"end":{"line":43,"column":5}},"line":32},"3":{"name":"(anonymous_3)","decl":{"start":{"line":37,"column":37},"end":{"line":37,"column":38}},"loc":{"start":{"line":37,"column":45},"end":{"line":37,"column":61}},"line":37},"4":{"name":"(anonymous_4)","decl":{"start":{"line":38,"column":35},"end":{"line":38,"column":36}},"loc":{"start":{"line":38,"column":43},"end":{"line":38,"column":59}},"line":38}},"branchMap":{"0":{"loc":{"start":{"line":12,"column":20},"end":{"line":12,"column":59}},"type":"cond-expr","locations":[{"start":{"line":12,"column":40},"end":{"line":12,"column":54}},{"start":{"line":12,"column":58},"end":{"line":12,"column":59}}],"line":12},"1":{"loc":{"start":{"line":13,"column":19},"end":{"line":13,"column":82}},"type":"cond-expr","locations":[{"start":{"line":13,"column":53},"end":{"line":13,"column":67}},{"start":{"line":13,"column":70},"end":{"line":13,"column":82}}],"line":13}},"s":{"0":1,"1":1,"2":1,"3":1,"4":1,"5":1,"6":1,"7":1,"8":1,"9":1,"10":1,"11":1,"12":1,"13":1,"14":1,"15":1,"16":1,"17":1,"18":1,"19":1,"20":1,"21":1,"22":1,"23":2,"24":1,"25":2,"26":1,"27":1,"28":1,"29":1,"30":1,"31":1},"f":{"0":1,"1":1,"2":1,"3":2,"4":2},"b":{"0":[1,0],"1":[1,0]},"_coverageSchema":"43e27e138ebf9cfc5966b082cf9a028302ed4184","hash":"f65353f0bac1db748fe0027b7aa63b1090d87e9c","contentHash":"94d0771570ae3aa0414fef2b35a5e9e2724abd3470838344dcc9b8ba69d7c2d6"},"/Users/ninadhatkar/office/CLI-New/cli/packages/contentstack-migration/src/utils/group-by.js":{"path":"/Users/ninadhatkar/office/CLI-New/cli/packages/contentstack-migration/src/utils/group-by.js","statementMap":{"0":{"start":{"line":3,"column":0},"end":{"line":38,"column":1}},"1":{"start":{"line":4,"column":2},"end":{"line":4,"column":28}},"2":{"start":{"line":4,"column":13},"end":{"line":4,"column":28}},"3":{"start":{"line":6,"column":2},"end":{"line":35,"column":3}},"4":{"start":{"line":7,"column":4},"end":{"line":7,"column":46}},"5":{"start":{"line":8,"column":9},"end":{"line":35,"column":3}},"6":{"start":{"line":9,"column":20},"end":{"line":9,"column":31}},"7":{"start":{"line":10,"column":4},"end":{"line":15,"column":5}},"8":{"start":{"line":11,"column":6},"end":{"line":11,"column":48}},"9":{"start":{"line":13,"column":6},"end":{"line":13,"column":30}},"10":{"start":{"line":14,"column":6},"end":{"line":14,"column":48}},"11":{"start":{"line":17,"column":4},"end":{"line":17,"column":7}},"12":{"start":{"line":20,"column":4},"end":{"line":20,"column":61}},"13":{"start":{"line":20,"column":46},"end":{"line":20,"column":61}},"14":{"start":{"line":25,"column":4},"end":{"line":25,"column":64}},"15":{"start":{"line":27,"column":4},"end":{"line":34,"column":5}},"16":{"start":{"line":28,"column":6},"end":{"line":33,"column":7}},"17":{"start":{"line":29,"column":22},"end":{"line":29,"column":31}},"18":{"start":{"line":30,"column":8},"end":{"line":32,"column":9}},"19":{"start":{"line":31,"column":10},"end":{"line":31,"column":61}},"20":{"start":{"line":37,"column":2},"end":{"line":37,"column":17}}},"fnMap":{"0":{"name":"groupBy","decl":{"start":{"line":3,"column":26},"end":{"line":3,"column":33}},"loc":{"start":{"line":3,"column":89},"end":{"line":38,"column":1}},"line":3}},"branchMap":{"0":{"loc":{"start":{"line":3,"column":47},"end":{"line":3,"column":52}},"type":"default-arg","locations":[{"start":{"line":3,"column":51},"end":{"line":3,"column":52}}],"line":3},"1":{"loc":{"start":{"line":3,"column":54},"end":{"line":3,"column":67}},"type":"default-arg","locations":[{"start":{"line":3,"column":65},"end":{"line":3,"column":67}}],"line":3},"2":{"loc":{"start":{"line":3,"column":69},"end":{"line":3,"column":87}},"type":"default-arg","locations":[{"start":{"line":3,"column":85},"end":{"line":3,"column":87}}],"line":3},"3":{"loc":{"start":{"line":4,"column":2},"end":{"line":4,"column":28}},"type":"if","locations":[{"start":{"line":4,"column":2},"end":{"line":4,"column":28}},{"start":{"line":4,"column":2},"end":{"line":4,"column":28}}],"line":4},"4":{"loc":{"start":{"line":6,"column":2},"end":{"line":35,"column":3}},"type":"if","locations":[{"start":{"line":6,"column":2},"end":{"line":35,"column":3}},{"start":{"line":6,"column":2},"end":{"line":35,"column":3}}],"line":6},"5":{"loc":{"start":{"line":8,"column":9},"end":{"line":35,"column":3}},"type":"if","locations":[{"start":{"line":8,"column":9},"end":{"line":35,"column":3}},{"start":{"line":8,"column":9},"end":{"line":35,"column":3}}],"line":8},"6":{"loc":{"start":{"line":10,"column":4},"end":{"line":15,"column":5}},"type":"if","locations":[{"start":{"line":10,"column":4},"end":{"line":15,"column"
[...]
line":13,"column":21},"end":{"line":13,"column":42}},"4":{"start":{"line":15,"column":31},"end":{"line":15,"column":50}},"5":{"start":{"line":17,"column":30},"end":{"line":17,"column":34}},"6":{"start":{"line":19,"column":39},"end":{"line":19,"column":48}},"7":{"start":{"line":23,"column":22},"end":{"line":23,"column":37}},"8":{"start":{"line":24,"column":24},"end":{"line":24,"column":40}},"9":{"start":{"line":25,"column":24},"end":{"line":25,"column":26}},"10":{"start":{"line":26,"column":23},"end":{"line":26,"column":25}},"11":{"start":{"line":28,"column":4},"end":{"line":51,"column":5}},"12":{"start":{"line":29,"column":29},"end":{"line":29,"column":61}},"13":{"start":{"line":30,"column":6},"end":{"line":30,"column":56}},"14":{"start":{"line":32,"column":6},"end":{"line":50,"column":7}},"15":{"start":{"line":33,"column":8},"end":{"line":47,"column":9}},"16":{"start":{"line":34,"column":23},"end":{"line":34,"column":33}},"17":{"start":{"line":36,"column":39},"end":{"line":36,"column":91}},"18":{"start":{"line":37,"column":27},"end":{"line":40,"column":11}},"19":{"start":{"line":38,"column":31},"end":{"line":38,"column":45}},"20":{"start":{"line":39,"column":33},"end":{"line":39,"column":37}},"21":{"start":{"line":41,"column":31},"end":{"line":41,"column":55}},"22":{"start":{"line":42,"column":36},"end":{"line":42,"column":62}},"23":{"start":{"line":43,"column":36},"end":{"line":43,"column":83}},"24":{"start":{"line":44,"column":10},"end":{"line":44,"column":44}},"25":{"start":{"line":45,"column":10},"end":{"line":45,"column":66}},"26":{"start":{"line":46,"column":10},"end":{"line":46,"column":21}},"27":{"start":{"line":49,"column":8},"end":{"line":49,"column":19}},"28":{"start":{"line":52,"column":20},"end":{"line":52,"column":50}},"29":{"start":{"line":53,"column":23},"end":{"line":53,"column":46}},"30":{"start":{"line":55,"column":4},"end":{"line":55,"column":62}},"31":{"start":{"line":56,"column":4},"end":{"line":56,"column":46}},"32":{"start":{"line":57,"column":4},"end":{"line":57,"column":60}},"33":{"start":{"line":59,"column":22},"end":{"line":59,"column":43}},"34":{"start":{"line":61,"column":4},"end":{"line":64,"column":5}},"35":{"start":{"line":62,"column":6},"end":{"line":62,"column":39}},"36":{"start":{"line":63,"column":6},"end":{"line":63,"column":24}},"37":{"start":{"line":65,"column":4},"end":{"line":65,"column":22}},"38":{"start":{"line":69,"column":0},"end":{"line":69,"column":23}}},"fnMap":{"0":{"name":"(anonymous_0)","decl":{"start":{"line":22,"column":2},"end":{"line":22,"column":3}},"loc":{"start":{"line":22,"column":42},"end":{"line":66,"column":3}},"line":22},"1":{"name":"(anonymous_1)","decl":{"start":{"line":38,"column":25},"end":{"line":38,"column":26}},"loc":{"start":{"line":38,"column":31},"end":{"line":38,"column":45}},"line":38},"2":{"name":"(anonymous_2)","decl":{"start":{"line":39,"column":27},"end":{"line":39,"column":28}},"loc":{"start":{"line":39,"column":33},"end":{"line":39,"column":37}},"line":39}},"branchMap":{"0":{"loc":{"start":{"line":32,"column":6},"end":{"line":50,"column":7}},"type":"if","locations":[{"start":{"line":32,"column":6},"end":{"line":50,"column":7}},{"start":{"line":32,"column":6},"end":{"line":50,"column":7}}],"line":32},"1":{"loc":{"start":{"line":33,"column":8},"end":{"line":47,"column":9}},"type":"if","locations":[{"start":{"line":33,"column":8},"end":{"line":47,"column":9}},{"start":{"line":33,"column":8},"end":{"line":47,"column":9}}],"line":33},"2":{"loc":{"start":{"line":61,"column":4},"end":{"line":64,"column":5}},"type":"if","locations":[{"start":{"line":61,"column":4},"end":{"line":64,"column":5}},{"start":{"line":61,"column":4},"end":{"line":64,"column":5}}],"line":61}},"s":{"0":1,"1":1,"2":1,"3":1,"4":1,"5":1,"6":1,"7":1,"8":1,"9":1,"10":1,"11":1,"12":1,"13":1,"14":0,"15":0,"16":0,"17":0,"18":0,"19":0,"20":0,"21":0,"22":0,"23":0,"24":0,"25":0,"26":0,"27":0,"28":1,"29":1,"30":1,"31":1,"32":1,"33":1,"34":1,"35":0,"36":0,"37":1,"38":1},"f":{"0":1,"1":0,"2":0},"b":{"0":[0,0],"1":[0,0],"2":[0,1]},"_coverageSchema":"43e27e138ebf9cfc5966b082cf9a028302ed4184","hash":"6687b7b578b3934869b9334abb5ebbd0eed70f09","contentHash":"a41999c7484746d6454fe8707b118e83d0e60fec351133db895a2d26ec4c701e"},"/Users/ninadhatkar/office/CLI-New/cli/packages/contentstack-migration/src/validators/index.js":{"path":"/Users/ninadhatkar/office/CLI-New/cli/packages/contentstack-migration/src/validators/index.js","statementMap":{"0":{"start":{"line":3,"column":0},"end":{"line":11,"column":1}}},"fnMap":{},"branchMap":{},"s":{"0":1},"f":{},"b":{},"_coverageSchema":"43e27e138ebf9cfc5966b082cf9a028302ed4184","hash":"ab0da71dd52927f08e4ebf55236a4d75d783f44d","contentHash":"bfa7707e172243d1ad1f6409d10a3fcbc3787ef2700d8138a66bb4c1c8b4d8ba"},"/Users/ninadhatkar/office/CLI-New/cli/packages/contentstack-migration/src/validators/create-content-type-validator.js":{"path":"/Users/ninadhatkar/office/CLI-New/cli/packages/contentstack-migration/src/validators/create-content-type-validator.js","statementMap":{"0":{"start":{"line":3,"column":15},"end":{"line":3,"column":21}},"1":{"start":{"line":5,"column":31},"end":{"line":5,"column":50}},"2":{"start":{"line":7,"column":30},"end":{"line":7,"column":34}},"3":{"start":{"line":8,"column":32},"end":{"line":8,"column":41}},"4":{"start":{"line":10,"column":22},"end":{"line":14,"column":1}},"5":{"start":{"line":19,"column":4},"end":{"line":19,"column":20}},"6":{"start":{"line":24,"column":24},"end":{"line":24,"column":40}},"7":{"start":{"line":25,"column":19},"end":{"line":25,"column":63}},"8":{"start":{"line":26,"column":22},"end":{"line":26,"column":62}},"9":{"start":{"line":27,"column":31},"end":{"line":27,"column":46}},"10":{"start":{"line":29,"column":4},"end":{"line":34,"column":5}},"11":{"start":{"line":30,"column":6},"end":{"line":33,"column":7}},"12":{"start":{"line":31,"column":8},"end":{"line":31,"column":55}},"13":{"start":{"line":32,"column":8},"end":{"line":32,"column":30}},"14":{"start":{"line":37,"column":26},"end":{"line":37,"column":49}},"15":{"start":{"line":39,"column":4},"end":{"line":45,"column":5}},"16":{"start":{"line":39,"column":17},"end":{"line":39,"column":18}},"17":{"start":{"line":40,"column":16},"end":{"line":40,"column":37}},"18":{"start":{"line":41,"column":6},"end":{"line":44,"column":7}},"19":{"start":{"line":42,"column":8},"end":{"line":42,"column":66}},"20":{"start":{"line":43,"column":8},"end":{"line":43,"column":30}},"21":{"start":{"line":46,"column":4},"end":{"line":46,"column":22}},"22":{"start":{"line":50,"column":4},"end":{"line":50,"column":35}},"23":{"start":{"line":54,"column":4},"end":{"line":54,"column":32}},"24":{"start":{"line":58,"column":0},"end":{"line":58,"column":43}}},"fnMap":{"0":{"name":"(anonymous_0)","decl":{"start":{"line":17,"column":2},"end":{"line":17,"column":3}},"loc":{"start":{"line":17,"column":16},"end":{"line":20,"column":3}},"line":17},"1":{"name":"(anonymous_1)","decl":{"start":{"line":22,"column":2},"end":{"line":22,"column":3}},"loc":{"start":{"line":22,"column":17},"end":{"line":47,"column":3}},"line":22},"2":{"name":"(anonymous_2)","decl":{"start":{"line":49,"column":2},"end":{"line":49,"column":3}},"loc":{"start":{"line":49,"column":23},"end":{"line":51,"column":3}},"line":49},"3":{"name":"(anonymous_3)","decl":{"start":{"line":53,"column":2},"end":{"line":53,"column":3}},"loc":{"start":{"line":53,"column":21},"end":{"line":55,"column":3}},"line":53}},"branchMap":{"0":{"loc":{"start":{"line":30,"column":6},"end":{"line":33,"column":7}},"type":"if","locations":[{"start":{"line":30,"column":6},"end":{"line":33,"column":7}},{"start":{"line":30,"column":6},"end":{"line":33,"column":7}}],"line":30},"1":{"loc":{"start":{"line":41,"column":6},"end":{"line":44,"column":7}},"type":"if","locations":[{"start":{"line":41,"column":6},"end":{"line":44,"column":7}},{"start":{"line":41,"column":6},"end":{"line":44,"column":7}}],"line":41}},"s":{"0":1,"1":1,"2":1,"3":1,"4":1,"5":1,"6":1,"7":1,"8":1,"9":1,"10":1,"11":3,"12":0,"13":0,"14":1,"15":1,"16":1,"17":4,"18":4,"19":0,"20":0,"21":1,"22":2,"23":1,"24":1},"f":{"0":1,"1":1,"2":2,"3":1},"b":{"0":[0,3],"1":[0,4]},"_coverageSchema":"43e27e138ebf9cfc5966b082cf9a028302ed4184","hash":"1d1c20052a6515fc0b12bcbd76fdc84ac2272193","contentHash":"ff6be19fc65a7ddb87f8a8efc26959c73f7817f39647d12514bcd225b34dce75"},"/Users/ninadhatkar/office/CLI-New/cli/packages/contentstack-migration/src/validators/edit-content-type-validator.js":{"path":"/Users/ninadhatkar/office/CLI-New/cli/packages/contentstack-migration/src/validators/edit-content-type-validator.js","statementMap":{"0":{"start":{"line":3,"column":15},"end":{"line":3,"column":21}},"1":{"start":{"line":6,"column":31},"end":{"line":6,"column":50}},"2":{"start":{"line":8,"column":30},"end":{"line":8,"column":34}},"3":{"start":{"line":9,"column":32},"end":{"line":9,"column":41}},"4":{"start":{"line":11,"column":22},"end":{"line":14,"column":1}},"5":{"start":{"line":18,"column":4},"end":{"line":18,"column":20}},"6":{"start":{"line":23,"column":24},"end":{"line":23,"column":40}},"7":{"start":{"line":24,"column":19},"end":{"line":24,"column":63}},"8":{"start":{"line":25,"column":22},"end":{"line":25,"column":62}},"9":{"start":{"line":26,"column":31},"end":{"line":26,"column":46}},"10":{"start":{"line":28,"column":4},"end":{"line":33,"column":5}},"11":{"start":{"line":29,"column":6},"end":{"line":32,"column":7}},"12":{"start":{"line":30,"column":8},"end":{"line":30,"column":55}},"13":{"start":{"line":31,"column":8},"end":{"line":31,"column":30}},"14":{"start":{"line":35,"column":26},"end":{"line":35,"column":49}},"15":{"start":{"line":37,"column":4},"end":{"line":43,"column":5}},"16":{"start":{"line":37,"column":17},"end":{"line":37,"column":18}},"17":{"start":{"line":38,"column":16},"end":{"line":38,"column":37}},"18":{"start":{"line":39,"column":6},"end":{"line":42,"column":7}},"19":{"start":{"line":40,"column":8},"end":{"line":40,"column":66}},"20":{"start":{"line":41,"column":8},"end":{"line":41,"column":30}},"21":{"start":{"line":44,"column":4},"end":{"line":44,"column":22}},"22":{"start":{"line":48,"column":4},"end":{"line":48,"column":33}},"23":{"start":{"line":52,"column":4},"end":{"line":52,"column":32}},"24":{"start":{"line":56,"column":0},"end":{"line":56,"column":41}}},"fnMap":{"0":{"name":"(anonymous_0)","decl":{"start":{"line":17,"column":2},"end":{"line":17,"column":3}},"loc":{"start":{"line":17,"column":16},"end":{"line":19,"column":3}},"line":17},"1":{"name":"(anonymous_1)","decl":{"start":{"line":21,"column":2},"end":{"line":21,"column":3}},"loc":{"start":{"line":21,"column":17},"end":{"line":45,"column":3}},"line":21},"2":{"name":"(anonymous_2)","decl":{"start":{"line":47,"column":2},"end":{"line":47,"column":3}},"loc":{"start":{"line":47,"column":23},"end":{"line":49,"column":3}},"line":47},"3":{"name":"(anonymous_3)","decl":{"start":{"line":51,"column":2},"end":{"line":51,"column":3}},"loc":{"start":{"line":51,"column":21},"end":{"line":53,"column":3}},"line":51}},"branchMap":{"0":{"loc":{"start":{"line":29,"column":6},"end":{"line":32,"column":7}},"type":"if","locations":[{"start":{"line":29,"column":6},"end":{"line":32,"column":7}},{"start":{"line":29,"column":6},"end":{"line":32,"column":7}}],"line":29},"1":{"loc":{"start":{"line":39,"column":6},"end":{"line":42,"column":7}},"type":"if","locations":[{"start":{"line":39,"column":6},"end":{"line":42,"column":7}},{"start":{"line":39,"column":6},"end":{"line":42,"column":7}}],"line":39}},"s":{"0":1,"1":1,"2":1,"3":1,"4":1,"5":1,"6":0,"7":0,"8":0,"9":0,"10":0,"11":0,"12":0,"13":0,"14":0,"15":0,"16":0,"17":0,"18":0,"19":0,"20":0,"21":0,"22":1,"23":0,"24":1},"f":{"0":1,"1":0,"2":1,"3":0},"b":{"0":[0,0],"1":[0,0]},"_coverageSchema":"43e27e138ebf9cfc5966b082cf9a028302ed4184","hash":"aca126eab0d41b540363f82b906f821f914a2cb8","contentHash":"2c0a7773379d5e5007704bd905eba7f6846fb0c27a2c957f576170926810e7bb"},"/Users/ninadhatkar/office/CLI-New/cli/packages/contentstack-migration/src/validators/schema-validator.js":{"path":"/Users/ninadhatkar/office/CLI-New/cli/packages/contentstack-migration/src/validators/schema-validator.js","statementMap":{"0":{"start":{"line":5,"column":64},"end":{"line":5,"column":76}},"1":{"start":{"line":7,"column":4},"end":{"line":12,"column":5}},"2":{"start":{"line":8,"column":6},"end":{"line":11,"column":8}},"3":{"start":{"line":13,"column":4},"end":{"line":13,"column":13}},"4":{"start":{"line":17,"column":4},"end":{"line":17,"column":35}},"5":{"start":{"line":21,"column":0},"end":{"line":21,"column":32}}},"fnMap":{"0":{"name":"(anonymous_0)","decl":{"start":{"line":4,"column":2},"end":{"line":4,"column":3}},"loc":{"start":{"line":4,"column":17},"end":{"line":14,"column":3}},"line":4},"1":{"name":"(anonymous_1)","decl":{"start":{"line":16,"column":2},"end":{"line":16,"column":3}},"loc":{"start":{"line":16,"column":23},"end":{"line":18,"column":3}},"line":16}},"branchMap":{"0":{"loc":{"start":{"line":7,"column":4},"end":{"line":12,"column":5}},"type":"if","locations":[{"start":{"line":7,"column":4},"end":{"line":12,"column":5}},{"start":{"line":7,"column":4},"end":{"line":12,"column":5}}],"line":7},"1":{"loc":{"start":{"line":7,"column":8},"end":{"line":7,"column":63}},"type":"binary-expr","locations":[{"start":{"line":7,"column":8},"end":{"line":7,"column":17}},{"start":{"line":7,"column":21},"end":{"line":7,"column":28}},{"start":{"line":7,"column":32},"end":{"line":7,"column":48}},{"start":{"line":7,"column":52},"end":{"line":7,"column":63}}],"line":7},"2":{"loc":{"start":{"line":10,"column":20},"end":{"line":10,"column":75}},"type":"binary-expr","locations":[{"start":{"line":10,"column":20},"end":{"line":10,"column":29}},{"start":{"line":10,"column":33},"end":{"line":10,"column":40}},{"start":{"line":10,"column":44},"end":{"line":10,"column":60}},{"start":{"line":10,"column":64},"end":{"line":10,"column":75}}],"line":10}},"s":{"0":0,"1":0,"2":0,"3":0,"4":2,"5":1},"f":{"0":0,"1":2},"b":{"0":[0,0],"1":[0,0,0,0],"2":[0,0,0,0]},"_coverageSchema":"43e27e138ebf9cfc5966b082cf9a028302ed4184","hash":"b95c4d02342f961f108560a9e3880a0dde92b6dd","contentHash":"e652208054ccdd5ee5712a028f1dc71b6687a8be03bd7e1446cc83974379daa8"},"/Users/ninadhatkar/office/CLI-New/cli/packages/contentstack-migration/src/validators/field-validator.js":{"path":"/Users/ninadhatkar/office/CLI-New/cli/packages/contentstack-migration/src/validators/field-validator.js","statementMap":{"0":{"start":{"line":5,"column":4},"end":{"line":10,"column":5}},"1":{"start":{"line":6,"column":6},"end":{"line":9,"column":8}},"2":{"start":{"line":11,"column":4},"end":{"line":11,"column":13}},"3":{"start":{"line":15,"column":4},"end":{"line":15,"column":34}},"4":{"start":{"line":19,"column":0},"end":{"line":19,"column":31}}},"fnMap":{"0":{"name":"(anonymous_0)","decl":{"start":{"line":4,"column":2},"end":{"line":4,"column":3}},"loc":{"start":{"line":4,"column":17},"end":{"line":12,"column":3}},"line":4},"1":{"name":"(anonymous_1)","decl":{"start":{"line":14,"column":2},"end":{"line":14,"column":3}},"loc":{"start":{"line":14,"column":23},"end":{"line":16,"column":3}},"line":14}},"branchMap":{"0":{"loc":{"start":{"line":5,"column":4},"end":{"line":10,"column":5}},"type":"if","locations":[{"start":{"line":5,"column":4},"end":{"line":10,"column":5}},{"start":{"line":5,"column":4},"end":{"line":10,"column":5}}],"line":5}},"s":{"0":0,"1":0,"2":0,"3":2,"4":1},"f":{"0":0,"1":2},"b":{"0":[0,0]},"_coverageSchema":"43e27e138ebf9cfc5966b082cf9a028302ed4184","hash":"f72c5361ecbe3b9c52847a6bda099b58c502f9bb","contentHash":"90ffc15bfd427f74d99ac4f5dee0c34d4494267c883ced7d327908a360d1fc57"},"/Users/ninadhatkar/office/CLI-New/cli/packages/contentstack-migration/src/validators/type-error.js":{"path":"/Users/ninadhatkar/office/CLI-New/cli/packages/contentstack-migration/src/validators/type-error.js","statementMap":{"0":{"start":{"line":8,"column":4},"end":{"line":13,"column":5}},"1":{"start":{"line":9,"column":6},"end":{"line":12,"column":8}},"2":{"start":{"line":14,"column":4},"end":{"line":14,"column":13}},"3":{"start":{"line":18,"column":4},"end":{"line":18,"column":38}},"4":{"start":{"line":21,"column":0},"end":{"line":21,"column":27}}},"fnMap":{"0":{"name":"(anonymous_0)","decl":{"start":{"line":4,"column":2},"end":{"line":4,"column":3}},"loc":{"start":{"line":4,"column":16},"end":{"line":5,"column":3}},"line":4},"1":{"name":"(anonymous_1)","decl":{"start":{"line":7,"column":2},"end":{"line":7,"column":3}},"loc":{"start":{"line":7,"column":17},"end":{"line":15,"column":3}},"line":7},"2":{"name":"(anonymous_2)","decl":{"start":{"line":17,"column":2},"end":{"line":17,"column":3}},"loc":{"start":{"line":17,"column":23},"end":{"line":19,"column":3}},"line":17}},"branchMap":{"0":{"loc":{"start":{"line":8,"column":4},"end":{"line":13,"column":5}},"type":"if","locations":[{"start":{"line":8,"column":4},"end":{"line":13,"column":5}},{"start":{"line":8,"column":4},"end":{"line":13,"column":5}}],"line":8}},"s":{"0":0,"1":0,"2":0,"3":1,"4":1},"f":{"0":1,"1":0,"2":1},"b":{"0":[0,0]},"_coverageSchema":"43e27e138ebf9cfc5966b082cf9a028302ed4184","hash":"b83990aa797a394b7816aabe35b2fd1764f30fbb","contentHash":"15de1b560eba4593279a22d5cca98f7706f2fcbee8aa80b85ae377136c3bca1c"},"/Users/ninadhatkar/office/CLI-New/cli/packages/contentstack-migration/src/validators/api-error.js":{"path":"/Users/ninadhatkar/office/CLI-New/cli/packages/contentstack-migration/src/validators/api-error.js","statementMap":{"0":{"start":{"line":5,"column":4},"end":{"line":10,"column":5}},"1":{"start":{"line":6,"column":6},"end":{"line":9,"column":8}},"2":{"start":{"line":11,"column":4},"end":{"line":11,"column":13}},"3":{"start":{"line":15,"column":4},"end":{"line":15,"column":37}},"4":{"start":{"line":18,"column":0},"end":{"line":18,"column":25}}},"fnMap":{"0":{"name":"(anonymous_0)","decl":{"start":{"line":4,"column":2},"end":{"line":4,"column":3}},"loc":{"start":{"line":4,"column":17},"end":{"line":12,"column":3}},"line":4},"1":{"name":"(anonymous_1)","decl":{"start":{"line":14,"column":2},"end":{"line":14,"column":3}},"loc":{"start":{"line":14,"column":23},"end":{"line":16,"column":3}},"line":14}},"branchMap":{"0":{"loc":{"start":{"line":5,"column":4},"end":{"line":10,"column":5}},"type":"if","locations":[{"start":{"line":5,"column":4},"end":{"line":10,"column":5}},{"start":{"line":5,"column":4},"end":{"line":10,"column":5}}],"line":5}},"s":{"0":1,"1":1,"2":0,"3":3,"4":1},"f":{"0":1,"1":3},"b":{"0":[1,0]},"_coverageSchema":"43e27e138ebf9cfc5966b082cf9a028302ed4184","hash":"93fbb6d7a8fcf2e3031771ad46a4d6f0f789652c","contentHash":"54573084df400d477fd223710e7a46a0ae25aedb5fc136fe458dd323a52bc4d4"},"/Users/ninadhatkar/office/CLI-New/cli/packages/contentstack-migration/src/validators/migration-error.js":{"path":"/Users/ninadhatkar/office/CLI-New/cli/packages/contentstack-migration/src/validators/migration-error.js","statementMap":{"0":{"start":{"line":5,"column":4},"end":{"line":10,"column":5}},"1":{"start":{"line":6,"column":6},"end":{"line":9,"column":8}},"2":{"start":{"line":14,"column":4},"end":{"line":14,"column":43}},"3":{"start":{"line":18,"column":0},"end":{"line":18,"column":31}}},"fnMap":{"0":{"name":"(anonymous_0)","decl":{"start":{"line":4,"column":2},"end":{"line":4,"column":3}},"loc":{"start":{"line":4,"column":17},"end":{"line":11,"column":3}},"line":4},"1":{"name":"(anonymous_1)","decl":{"start":{"line":13,"column":2},"end":{"line":13,"column":3}},"loc":{"start":{"line":13,"column":23},"end":{"line":15,"column":3}},"line":13}},"branchMap":{"0":{"loc":{"start":{"line":5,"column":4},"end":{"line":10,"column":5}},"type":"if","locations":[{"start":{"line":5,"column":4},"end":{"line":10,"column":5}},{"start":{"line":5,"column":4},"end":{"line":10,"column":5}}],"line":5}},"s":{"0":0,"1":0,"2":2,"3":1},"f":{"0":0,"1":2},"b":{"0":[0,0]},"_coverageSchema":"43e27e138ebf9cfc5966b082cf9a028302ed4184","hash":"f68fb9985a46e433ffde97c3fede92688ce7601f","contentHash":"87c40c9f1f2165ad8a7e791dc626bca5bcdb6e8fceaa87b5d99c3bd5037e203e"}}